Using pre-set license
Built from '2021.3/staging' branch; Version is '2021.3.20f1 (577897200b8b) revision 5732503'; Using compiler version '192829333'; Build Type 'Release'
OS: 'Windows 10  (10.0.19044) 64bit Core' Language: 'en' Physical Memory: 16310 MB
BatchMode: 1, IsHumanControllingUs: 0, StartBugReporterOnCrash: 0, Is64bit: 1, IsPro: 1

COMMAND LINE ARGUMENTS:
C:\Program Files\Unity\Hub\Editor\2021.3.20f1\Editor\Unity.exe
-adb2
-batchMode
-noUpm
-name
AssetImportWorker3
-projectPath
C:/Users/sherm/Documents/GitHub/Open-Source-Minecraft-like-Simulation-Environment-for-AI/Environment
-logFile
Logs/AssetImportWorker3.log
-srvPort
64624
Successfully changed project path to: C:/Users/sherm/Documents/GitHub/Open-Source-Minecraft-like-Simulation-Environment-for-AI/Environment
C:/Users/sherm/Documents/GitHub/Open-Source-Minecraft-like-Simulation-Environment-for-AI/Environment
[UnityMemory] Configuration Parameters - Can be set up in boot.config
    "memorysetup-bucket-allocator-granularity=16"
    "memorysetup-bucket-allocator-bucket-count=8"
    "memorysetup-bucket-allocator-block-size=33554432"
    "memorysetup-bucket-allocator-block-count=8"
    "memorysetup-main-allocator-block-size=16777216"
    "memorysetup-thread-allocator-block-size=16777216"
    "memorysetup-gfx-main-allocator-block-size=16777216"
    "memorysetup-gfx-thread-allocator-block-size=16777216"
    "memorysetup-cache-allocator-block-size=4194304"
    "memorysetup-typetree-allocator-block-size=2097152"
    "memorysetup-profiler-bucket-allocator-granularity=16"
    "memorysetup-profiler-bucket-allocator-bucket-count=8"
    "memorysetup-profiler-bucket-allocator-block-size=33554432"
    "memorysetup-profiler-bucket-allocator-block-count=8"
    "memorysetup-profiler-allocator-block-size=16777216"
    "memorysetup-profiler-editor-allocator-block-size=1048576"
    "memorysetup-temp-allocator-size-main=16777216"
    "memorysetup-job-temp-allocator-block-size=2097152"
    "memorysetup-job-temp-allocator-block-size-background=1048576"
    "memorysetup-job-temp-allocator-reduction-small-platforms=262144"
    "memorysetup-temp-allocator-size-background-worker=32768"
    "memorysetup-temp-allocator-size-job-worker=262144"
    "memorysetup-temp-allocator-size-preload-manager=33554432"
    "memorysetup-temp-allocator-size-nav-mesh-worker=65536"
    "memorysetup-temp-allocator-size-audio-worker=65536"
    "memorysetup-temp-allocator-size-cloud-worker=32768"
    "memorysetup-temp-allocator-size-gi-baking-worker=262144"
    "memorysetup-temp-allocator-size-gfx=262144"
Player connection [25468] Host "[IP] 192.168.1.14 [Port] 0 [Flags] 2 [Guid] 909594480 [EditorId] 909594480 [Version] 1048832 [Id] WindowsEditor(7,DESKTOP-R7J5RA9) [Debug] 1 [PackageName] WindowsEditor [ProjectName] Editor" joined multi-casting on [225.0.0.222:54997]...

Player connection [25468] Host "[IP] 192.168.1.14 [Port] 0 [Flags] 2 [Guid] 909594480 [EditorId] 909594480 [Version] 1048832 [Id] WindowsEditor(7,DESKTOP-R7J5RA9) [Debug] 1 [PackageName] WindowsEditor [ProjectName] Editor" joined alternative multi-casting on [225.0.0.222:34997]...

Refreshing native plugins compatible for Editor in 120.23 ms, found 6 plugins.
Preloading 0 native plugins for Editor in 0.00 ms.
Initialize engine version: 2021.3.20f1 (577897200b8b)
[Subsystems] Discovering subsystems at path C:/Program Files/Unity/Hub/Editor/2021.3.20f1/Editor/Data/Resources/UnitySubsystems
[Subsystems] Discovering subsystems at path C:/Users/sherm/Documents/GitHub/Open-Source-Minecraft-like-Simulation-Environment-for-AI/Environment/Assets
GfxDevice: creating device client; threaded=0; jobified=0
Direct3D:
    Version:  Direct3D 11.0 [level 11.1]
    Renderer: AMD Radeon RX 6500 XT (ID=0x743f)
    Vendor:   ATI
    VRAM:     4051 MB
    Driver:   31.0.14037.1007
Initialize mono
Mono path[0] = 'C:/Program Files/Unity/Hub/Editor/2021.3.20f1/Editor/Data/Managed'
Mono path[1] = 'C:/Program Files/Unity/Hub/Editor/2021.3.20f1/Editor/Data/MonoBleedingEdge/lib/mono/unityjit-win32'
Mono config path = 'C:/Program Files/Unity/Hub/Editor/2021.3.20f1/Editor/Data/MonoBleedingEdge/etc'
Using monoOptions --debugger-agent=transport=dt_socket,embedding=1,server=y,suspend=n,address=127.0.0.1:56412
Begin MonoManager ReloadAssembly
Registering precompiled unity dll's ...
Register platform support module: C:/Program Files/Unity/Hub/Editor/2021.3.20f1/Editor/Data/PlaybackEngines/WindowsStandaloneSupport/UnityEditor.WindowsStandalone.Extensions.dll
Registered in 0.010716 seconds.
Native extension for WindowsStandalone target not found
Refreshing native plugins compatible for Editor in 106.01 ms, found 6 plugins.
Preloading 0 native plugins for Editor in 0.00 ms.
Mono: successfully reloaded assembly
- Completed reload, in  0.789 seconds
Domain Reload Profiling:
	ReloadAssembly (789ms)
		BeginReloadAssembly (208ms)
			ExecutionOrderSort (0ms)
			DisableScriptedObjects (0ms)
			BackupInstance (0ms)
			ReleaseScriptingObjects (0ms)
			CreateAndSetChildDomain (1ms)
		EndReloadAssembly (475ms)
			LoadAssemblies (205ms)
			RebuildTransferFunctionScriptingTraits (0ms)
			SetupTypeCache (96ms)
			ReleaseScriptCaches (0ms)
			RebuildScriptCaches (28ms)
			SetupLoadedEditorAssemblies (301ms)
				LogAssemblyErrors (0ms)
				InitializePlatformSupportModulesInManaged (8ms)
				SetLoadedEditorAssemblies (0ms)
				RefreshPlugins (106ms)
				BeforeProcessingInitializeOnLoad (1ms)
				ProcessInitializeOnLoadAttributes (144ms)
				ProcessInitializeOnLoadMethodAttributes (41ms)
				AfterProcessingInitializeOnLoad (0ms)
				EditorAssembliesLoaded (0ms)
			ExecutionOrderSort2 (0ms)
			AwakeInstancesAfterBackupRestoration (0ms)
Platform modules already initialized, skipping
Registering precompiled user dll's ...
Registered in 0.025129 seconds.
Begin MonoManager ReloadAssembly
Symbol file LoadedFromMemory doesn't match image C:\Users\sherm\Documents\GitHub\Open-Source-Minecraft-like-Simulation-Environment-for-AI\Environment\Library\PackageCache\com.unity.visualscripting@1.8.0\Editor\VisualScripting.Core\Dependencies\YamlDotNet\Unity.VisualScripting.YamlDotNet.dll
Symbol file LoadedFromMemory doesn't match image C:\Users\sherm\Documents\GitHub\Open-Source-Minecraft-like-Simulation-Environment-for-AI\Environment\Library\PackageCache\com.unity.visualscripting@1.8.0\Editor\VisualScripting.Core\Dependencies\DotNetZip\Unity.VisualScripting.IonicZip.dll
Native extension for WindowsStandalone target not found
Refreshing native plugins compatible for Editor in 99.92 ms, found 6 plugins.
Preloading 0 native plugins for Editor in 0.00 ms.
Mono: successfully reloaded assembly
- Completed reload, in  1.435 seconds
Domain Reload Profiling:
	ReloadAssembly (1436ms)
		BeginReloadAssembly (143ms)
			ExecutionOrderSort (0ms)
			DisableScriptedObjects (7ms)
			BackupInstance (0ms)
			ReleaseScriptingObjects (0ms)
			CreateAndSetChildDomain (24ms)
		EndReloadAssembly (1161ms)
			LoadAssemblies (175ms)
			RebuildTransferFunctionScriptingTraits (0ms)
			SetupTypeCache (320ms)
			ReleaseScriptCaches (1ms)
			RebuildScriptCaches (72ms)
			SetupLoadedEditorAssemblies (568ms)
				LogAssemblyErrors (0ms)
				InitializePlatformSupportModulesInManaged (5ms)
				SetLoadedEditorAssemblies (0ms)
				RefreshPlugins (100ms)
				BeforeProcessingInitializeOnLoad (100ms)
				ProcessInitializeOnLoadAttributes (337ms)
				ProcessInitializeOnLoadMethodAttributes (16ms)
				AfterProcessingInitializeOnLoad (9ms)
				EditorAssembliesLoaded (0ms)
			ExecutionOrderSort2 (0ms)
			AwakeInstancesAfterBackupRestoration (8ms)
Platform modules already initialized, skipping
========================================================================
Worker process is ready to serve import requests
Launched and connected shader compiler UnityShaderCompiler.exe after 0.06 seconds
Refreshing native plugins compatible for Editor in 1.02 ms, found 6 plugins.
Preloading 0 native plugins for Editor in 0.00 ms.
Unloading 4214 Unused Serialized files (Serialized files now loaded: 0)
Unloading 99 unused Assets / (23.7 MB). Loaded Objects now: 4639.
Memory consumption went from 228.6 MB to 204.9 MB.
Total: 10.004900 ms (FindLiveObjects: 0.457500 ms CreateObjectMapping: 0.131900 ms MarkObjects: 2.809700 ms  DeleteObjects: 6.604300 ms)

AssetImportParameters requested are different than current active one (requested -> active):
  custom:video-decoder-ogg-theora: a1e56fd34408186e4bbccfd4996cb3dc -> 
  custom:container-muxer-webm: aa71ff27fc2769a1b78a27578f13a17b -> 
  custom:container-demuxer-webm: 4f35f7cbe854078d1ac9338744f61a02 -> 
  custom:video-encoder-webm-vp8: eb34c28f22e8b96e1ab97ce403110664 -> 
  custom:audio-encoder-webm-vorbis: bf7c407c2cedff20999df2af8eb42d56 -> 
  custom:framework-win-MediaFoundation: 216162199b28c13a410421893ffa2e32 -> 
  custom:container-demuxer-ogg: 62fdf1f143b41e24485cea50d1cbac27 -> 
  custom:video-decoder-webm-vp8: 9c59270c3fd7afecdb556c50c9e8de78 -> 
  custom:audio-decoder-ogg-vorbis: bf7c407c2cedff20999df2af8eb42d56 -> 
========================================================================
Received Import Request.
  Time since last request: 26098.252778 seconds.
  path: Assets/ImportedAssets/Ultimate Food Pack - Oct 2019/FBX/Bacon_Uncooked.fbx
  artifactKey: Guid(086e7017123e0754ea8a8235537bc1fe) Importer(815301076,1909f56bfc062723c751e8b465ee728b)
Start importing Assets/ImportedAssets/Ultimate Food Pack - Oct 2019/FBX/Bacon_Uncooked.fbx using Guid(086e7017123e0754ea8a8235537bc1fe) Importer(815301076,1909f56bfc062723c751e8b465ee728b)  -> (artifact id: '77cab665f7dfb6b5e253f86197565849') in 0.279813 seconds 
========================================================================
Received Import Request.
  Time since last request: 0.000030 seconds.
  path: Assets/ImportedAssets/Survival Pack - Sept 2020/FBX/Battery_Big.fbx
  artifactKey: Guid(4f30b476fa8e73541ae5f29450741d66) Importer(815301076,1909f56bfc062723c751e8b465ee728b)
Start importing Assets/ImportedAssets/Survival Pack - Sept 2020/FBX/Battery_Big.fbx using Guid(4f30b476fa8e73541ae5f29450741d66) Importer(815301076,1909f56bfc062723c751e8b465ee728b)  -> (artifact id: 'd1628d914727bf799d4bc838350ca3ef') in 0.041871 seconds 
========================================================================
Received Import Request.
  Time since last request: 0.000036 seconds.
  path: Assets/ImportedAssets/Furniture Pack - March 2019/FBX/NightStand.fbx
  artifactKey: Guid(f81b7a96a30db0c45bbb8eeb358333d6) Importer(815301076,1909f56bfc062723c751e8b465ee728b)
Start importing Assets/ImportedAssets/Furniture Pack - March 2019/FBX/NightStand.fbx using Guid(f81b7a96a30db0c45bbb8eeb358333d6) Importer(815301076,1909f56bfc062723c751e8b465ee728b)  -> (artifact id: '25b2764304bfec48bb6b701a9d3f3672') in 0.046866 seconds 
========================================================================
Received Import Request.
  Time since last request: 0.000029 seconds.
  path: Assets/ImportedAssets/SimpleNaturePack/Prefabs/Mushroom_01.prefab
  artifactKey: Guid(ff62b58c5a9ea164fa8ddf8038e10cd1) Importer(815301076,1909f56bfc062723c751e8b465ee728b)
Start importing Assets/ImportedAssets/SimpleNaturePack/Prefabs/Mushroom_01.prefab using Guid(ff62b58c5a9ea164fa8ddf8038e10cd1) Importer(815301076,1909f56bfc062723c751e8b465ee728b)  -> (artifact id: 'e3543f3742620e7756faefd26b30cd38') in 0.023861 seconds 
========================================================================
Received Import Request.
  Time since last request: 0.000026 seconds.
  path: Assets/ImportedAssets/SimpleNaturePack/Prefabs/Bush_03.prefab
  artifactKey: Guid(34d3f526198dae440bb2ce6005d86055) Importer(815301076,1909f56bfc062723c751e8b465ee728b)
Start importing Assets/ImportedAssets/SimpleNaturePack/Prefabs/Bush_03.prefab using Guid(34d3f526198dae440bb2ce6005d86055) Importer(815301076,1909f56bfc062723c751e8b465ee728b)  -> (artifact id: 'bdfea7df96e4b6130d4726342114042c') in 0.023034 seconds 
========================================================================
Received Import Request.
  Time since last request: 0.000030 seconds.
  path: Assets/ImportedAssets/Cartoon_Farm_Crops/Prefabs/Mobile/Eggplant_Plant.prefab
  artifactKey: Guid(fa6407b600577284bb8840b157c7d1e3) Importer(815301076,1909f56bfc062723c751e8b465ee728b)
Start importing Assets/ImportedAssets/Cartoon_Farm_Crops/Prefabs/Mobile/Eggplant_Plant.prefab using Guid(fa6407b600577284bb8840b157c7d1e3) Importer(815301076,1909f56bfc062723c751e8b465ee728b)  -> (artifact id: 'e31968268518fe85decab5960bde4cfb') in 0.020255 seconds 
========================================================================
Received Import Request.
  Time since last request: 0.000025 seconds.
  path: Assets/ImportedAssets/Ultimate Food Pack - Oct 2019/FBX/Broccoli.fbx
  artifactKey: Guid(042960fab8786a2499d674f505e662a4) Importer(815301076,1909f56bfc062723c751e8b465ee728b)
Start importing Assets/ImportedAssets/Ultimate Food Pack - Oct 2019/FBX/Broccoli.fbx using Guid(042960fab8786a2499d674f505e662a4) Importer(815301076,1909f56bfc062723c751e8b465ee728b)  -> (artifact id: '9d0b014eec4ddc08a34de10a95776895') in 0.028041 seconds 
========================================================================
Received Import Request.
  Time since last request: 0.000022 seconds.
  path: Assets/ImportedAssets/Ultimate Food Pack - Oct 2019/FBX/Bread.fbx
  artifactKey: Guid(e08359da2da4ec54294a5160e45dea09) Importer(815301076,1909f56bfc062723c751e8b465ee728b)
Start importing Assets/ImportedAssets/Ultimate Food Pack - Oct 2019/FBX/Bread.fbx using Guid(e08359da2da4ec54294a5160e45dea09) Importer(815301076,1909f56bfc062723c751e8b465ee728b)  -> (artifact id: 'ce8487ae556258b28d483db5db21ee1d') in 0.032220 seconds 
========================================================================
Received Import Request.
  Time since last request: 0.000024 seconds.
  path: Assets/ImportedAssets/Ultimate Food Pack - Oct 2019/FBX/Avocado.fbx
  artifactKey: Guid(1d547cf30d92eb34d84e339bb6f068c8) Importer(815301076,1909f56bfc062723c751e8b465ee728b)
Start importing Assets/ImportedAssets/Ultimate Food Pack - Oct 2019/FBX/Avocado.fbx using Guid(1d547cf30d92eb34d84e339bb6f068c8) Importer(815301076,1909f56bfc062723c751e8b465ee728b)  -> (artifact id: '30d6b809de2b8060c695f0b7ee74f9ad') in 0.039115 seconds 
========================================================================
Received Import Request.
  Time since last request: 0.000033 seconds.
  path: Assets/ImportedAssets/UnityTechnologies/ParticlePack/EffectExamples/Misc Effects/Prefabs/ParticlesLight.prefab
  artifactKey: Guid(61a6b3a108030e54ba372fe7097916d0) Importer(815301076,1909f56bfc062723c751e8b465ee728b)
Start importing Assets/ImportedAssets/UnityTechnologies/ParticlePack/EffectExamples/Misc Effects/Prefabs/ParticlesLight.prefab using Guid(61a6b3a108030e54ba372fe7097916d0) Importer(815301076,1909f56bfc062723c751e8b465ee728b)  -> (artifact id: 'd7390597ee8d379f6ff0a4d8b09226ab') in 0.003887 seconds 
========================================================================
Received Import Request.
  Time since last request: 0.000026 seconds.
  path: Assets/ImportedAssets/SimpleNaturePack/Models/Flowers_01.fbx
  artifactKey: Guid(b5a80b3e2a089b841b155d7c7f461e7c) Importer(815301076,1909f56bfc062723c751e8b465ee728b)
Start importing Assets/ImportedAssets/SimpleNaturePack/Models/Flowers_01.fbx using Guid(b5a80b3e2a089b841b155d7c7f461e7c) Importer(815301076,1909f56bfc062723c751e8b465ee728b)  -> (artifact id: '76516344583b2baab55102f685d765d6') in 0.013036 seconds 
========================================================================
Received Import Request.
  Time since last request: 0.000020 seconds.
  path: Assets/ImportedAssets/Ultimate Food Pack - Oct 2019/FBX/Cupcake.fbx
  artifactKey: Guid(6496133f872152e488f0825c989ddcd8) Importer(815301076,1909f56bfc062723c751e8b465ee728b)
Start importing Assets/ImportedAssets/Ultimate Food Pack - Oct 2019/FBX/Cupcake.fbx using Guid(6496133f872152e488f0825c989ddcd8) Importer(815301076,1909f56bfc062723c751e8b465ee728b)  -> (artifact id: '6d5c411f159cdd4cc7885769da065195') in 0.036721 seconds 
========================================================================
Received Import Request.
  Time since last request: 0.000023 seconds.
  path: Assets/ImportedAssets/Survival Pack - Sept 2020/FBX/Match_Fire.fbx
  artifactKey: Guid(312b1482e8ec4b447816f4d5fc842f2d) Importer(815301076,1909f56bfc062723c751e8b465ee728b)
Start importing Assets/ImportedAssets/Survival Pack - Sept 2020/FBX/Match_Fire.fbx using Guid(312b1482e8ec4b447816f4d5fc842f2d) Importer(815301076,1909f56bfc062723c751e8b465ee728b)  -> (artifact id: '0563b630bc1b8a312e9037f06da2eaea') in 0.027786 seconds 
========================================================================
Received Import Request.
  Time since last request: 0.000028 seconds.
  path: Assets/ImportedAssets/UnityTechnologies/ParticlePack/EffectExamples/Misc Effects/Animations/@EllenIdle.fbx
  artifactKey: Guid(73e3d6d0fdcfc1d4483701317ca34665) Importer(815301076,1909f56bfc062723c751e8b465ee728b)
Start importing Assets/ImportedAssets/UnityTechnologies/ParticlePack/EffectExamples/Misc Effects/Animations/@EllenIdle.fbx using Guid(73e3d6d0fdcfc1d4483701317ca34665) Importer(815301076,1909f56bfc062723c751e8b465ee728b)  -> (artifact id: 'dcfbce96a7d8b9cbcaf82e186952b619') in 0.076716 seconds 
========================================================================
Received Import Request.
  Time since last request: 0.000024 seconds.
  path: Assets/ImportedAssets/SimpleNaturePack/Prefabs/Grass_01.prefab
  artifactKey: Guid(f1fc5bb90ac285e4486771552d63bcb8) Importer(815301076,1909f56bfc062723c751e8b465ee728b)
Start importing Assets/ImportedAssets/SimpleNaturePack/Prefabs/Grass_01.prefab using Guid(f1fc5bb90ac285e4486771552d63bcb8) Importer(815301076,1909f56bfc062723c751e8b465ee728b)  -> (artifact id: '46ade62274e21ed31f5a6a04662a00e9') in 0.014494 seconds 
========================================================================
Received Import Request.
  Time since last request: 0.000028 seconds.
  path: Assets/ImportedAssets/Ultimate Food Pack - Oct 2019/FBX/IceCream_3.fbx
  artifactKey: Guid(44b97249f9da8ed4cb27e7f0eebaefb3) Importer(815301076,1909f56bfc062723c751e8b465ee728b)
Start importing Assets/ImportedAssets/Ultimate Food Pack - Oct 2019/FBX/IceCream_3.fbx using Guid(44b97249f9da8ed4cb27e7f0eebaefb3) Importer(815301076,1909f56bfc062723c751e8b465ee728b)  -> (artifact id: 'a2840ed7301e77c27e032ab0d2d34629') in 0.031671 seconds 
========================================================================
Received Import Request.
  Time since last request: 0.000039 seconds.
  path: Assets/ImportedAssets/UnityTechnologies/ParticlePack/Shared/Environment/Prefabs/EndWall.prefab
  artifactKey: Guid(a53fe34087284794dbe0aad895670634) Importer(815301076,1909f56bfc062723c751e8b465ee728b)
Start importing Assets/ImportedAssets/UnityTechnologies/ParticlePack/Shared/Environment/Prefabs/EndWall.prefab using Guid(a53fe34087284794dbe0aad895670634) Importer(815301076,1909f56bfc062723c751e8b465ee728b)  -> (artifact id: 'a47a4952a3561b39ee81f9e9b2480d7f') in 0.255265 seconds 
========================================================================
Received Import Request.
  Time since last request: 0.000028 seconds.
  path: Assets/ImportedAssets/Ultimate Food Pack - Oct 2019/FBX/Popsicle_Chocolate.fbx
  artifactKey: Guid(fca3bda79743d7643ae0074377eaedda) Importer(815301076,1909f56bfc062723c751e8b465ee728b)
Start importing Assets/ImportedAssets/Ultimate Food Pack - Oct 2019/FBX/Popsicle_Chocolate.fbx using Guid(fca3bda79743d7643ae0074377eaedda) Importer(815301076,1909f56bfc062723c751e8b465ee728b)  -> (artifact id: 'b52e3361ab9f5ea2c443bb94908b184c') in 0.025953 seconds 
========================================================================
Received Import Request.
  Time since last request: 0.000030 seconds.
  path: Assets/ImportedAssets/Ultimate Food Pack - Oct 2019/FBX/Pizza_Slice.fbx
  artifactKey: Guid(18b12d7e0097ce945a93470983df3eda) Importer(815301076,1909f56bfc062723c751e8b465ee728b)
Start importing Assets/ImportedAssets/Ultimate Food Pack - Oct 2019/FBX/Pizza_Slice.fbx using Guid(18b12d7e0097ce945a93470983df3eda) Importer(815301076,1909f56bfc062723c751e8b465ee728b)  -> (artifact id: '1f046d5a39ce3affb372b8b3d9086278') in 0.036366 seconds 
========================================================================
Received Import Request.
  Time since last request: 0.000023 seconds.
  path: Assets/ImportedAssets/Ultimate Food Pack - Oct 2019/FBX/Mushroom.fbx
  artifactKey: Guid(2a1b10a162c28e1458c488d38fb2d03b) Importer(815301076,1909f56bfc062723c751e8b465ee728b)
Start importing Assets/ImportedAssets/Ultimate Food Pack - Oct 2019/FBX/Mushroom.fbx using Guid(2a1b10a162c28e1458c488d38fb2d03b) Importer(815301076,1909f56bfc062723c751e8b465ee728b)  -> (artifact id: 'f523a37cd31942e09bc4dd6c41dcdab6') in 0.020377 seconds 
========================================================================
Received Import Request.
  Time since last request: 0.000023 seconds.
  path: Assets/ImportedAssets/SimpleNaturePack/Prefabs/Ground_01.prefab
  artifactKey: Guid(ebee340de387f334f9ac44e044abd8fb) Importer(815301076,1909f56bfc062723c751e8b465ee728b)
Start importing Assets/ImportedAssets/SimpleNaturePack/Prefabs/Ground_01.prefab using Guid(ebee340de387f334f9ac44e044abd8fb) Importer(815301076,1909f56bfc062723c751e8b465ee728b)  -> (artifact id: 'c59bd8478482b98b6b54d50f9b2ff16a') in 0.013615 seconds 
========================================================================
Received Import Request.
  Time since last request: 0.000022 seconds.
  path: Assets/ImportedAssets/Ultimate Food Pack - Oct 2019/FBX/IceCream_4.fbx
  artifactKey: Guid(a2a3582f699d24a459349f595533dcd9) Importer(815301076,1909f56bfc062723c751e8b465ee728b)
Start importing Assets/ImportedAssets/Ultimate Food Pack - Oct 2019/FBX/IceCream_4.fbx using Guid(a2a3582f699d24a459349f595533dcd9) Importer(815301076,1909f56bfc062723c751e8b465ee728b)  -> (artifact id: '3bdb6f6b6c83882efb0cd3d429bcaca0') in 0.038112 seconds 
========================================================================
Received Import Request.
  Time since last request: 0.000026 seconds.
  path: Assets/ImportedAssets/Ultimate Food Pack - Oct 2019/FBX/Fries.fbx
  artifactKey: Guid(66f81e8db00fc7547a8ecda2ec58d116) Importer(815301076,1909f56bfc062723c751e8b465ee728b)
Start importing Assets/ImportedAssets/Ultimate Food Pack - Oct 2019/FBX/Fries.fbx using Guid(66f81e8db00fc7547a8ecda2ec58d116) Importer(815301076,1909f56bfc062723c751e8b465ee728b)  -> (artifact id: '239cc999829b14c5633e75c3adfbb2a2') in 0.039191 seconds 
========================================================================
Received Import Request.
  Time since last request: 0.000018 seconds.
  path: Assets/ImportedAssets/Ultimate Food Pack - Oct 2019/FBX/Burger.fbx
  artifactKey: Guid(2b5020ac26c826a4ebfbd37defecb48d) Importer(815301076,1909f56bfc062723c751e8b465ee728b)
Start importing Assets/ImportedAssets/Ultimate Food Pack - Oct 2019/FBX/Burger.fbx using Guid(2b5020ac26c826a4ebfbd37defecb48d) Importer(815301076,1909f56bfc062723c751e8b465ee728b)  -> (artifact id: '85b80dfb180fcf30a6d52ece347c55f6') in 0.048930 seconds 
========================================================================
Received Import Request.
  Time since last request: 0.000025 seconds.
  path: Assets/ImportedAssets/Cartoon_Farm_Crops/Prefabs/Mobile/Carrot_Plant.prefab
  artifactKey: Guid(20a97bb13c3ef18478cf9c86535b1e9b) Importer(815301076,1909f56bfc062723c751e8b465ee728b)
Start importing Assets/ImportedAssets/Cartoon_Farm_Crops/Prefabs/Mobile/Carrot_Plant.prefab using Guid(20a97bb13c3ef18478cf9c86535b1e9b) Importer(815301076,1909f56bfc062723c751e8b465ee728b)  -> (artifact id: 'be331a17cfa0be693f8749f98d1b229e') in 0.010131 seconds 
========================================================================
Received Import Request.
  Time since last request: 0.000039 seconds.
  path: Assets/ImportedAssets/UnityTechnologies/ParticlePack/Shared/Environment/Models/LongOverhangWall.fbx
  artifactKey: Guid(8e725cb41275efd4b90ded8d12a97e28) Importer(815301076,1909f56bfc062723c751e8b465ee728b)
Start importing Assets/ImportedAssets/UnityTechnologies/ParticlePack/Shared/Environment/Models/LongOverhangWall.fbx using Guid(8e725cb41275efd4b90ded8d12a97e28) Importer(815301076,1909f56bfc062723c751e8b465ee728b)  -> (artifact id: '6ccedb42dfd799e020211d6fae45d270') in 0.071670 seconds 
========================================================================
Received Import Request.
  Time since last request: 0.000028 seconds.
  path: Assets/ImportedAssets/UnityTechnologies/ParticlePack/EffectExamples/Misc Effects/Prefabs/Candles.prefab
  artifactKey: Guid(86f883933a872f542994368197c83b5b) Importer(815301076,1909f56bfc062723c751e8b465ee728b)
Start importing Assets/ImportedAssets/UnityTechnologies/ParticlePack/EffectExamples/Misc Effects/Prefabs/Candles.prefab using Guid(86f883933a872f542994368197c83b5b) Importer(815301076,1909f56bfc062723c751e8b465ee728b)  -> (artifact id: 'f83d415e4cd04d82595e39afdbbfbdd2') in 0.061521 seconds 
========================================================================
Received Import Request.
  Time since last request: 0.000020 seconds.
  path: Assets/ImportedAssets/Ultimate Food Pack - Oct 2019/FBX/DoubleCheeseburger.fbx
  artifactKey: Guid(d7f79e8078461b14795af1a4e32b3fce) Importer(815301076,1909f56bfc062723c751e8b465ee728b)
Start importing Assets/ImportedAssets/Ultimate Food Pack - Oct 2019/FBX/DoubleCheeseburger.fbx using Guid(d7f79e8078461b14795af1a4e32b3fce) Importer(815301076,1909f56bfc062723c751e8b465ee728b)  -> (artifact id: 'c622fb7872726688a1a567a82f7d1aa6') in 0.041394 seconds 
========================================================================
Received Import Request.
  Time since last request: 0.000024 seconds.
  path: Assets/ImportedAssets/SimpleNaturePack/Models/Grass_02.fbx
  artifactKey: Guid(638dc165572d2a84081d13ce1afb4d52) Importer(815301076,1909f56bfc062723c751e8b465ee728b)
Start importing Assets/ImportedAssets/SimpleNaturePack/Models/Grass_02.fbx using Guid(638dc165572d2a84081d13ce1afb4d52) Importer(815301076,1909f56bfc062723c751e8b465ee728b)  -> (artifact id: '383b1ef69da2c7712719b475197d0607') in 0.014682 seconds 
========================================================================
Received Import Request.
  Time since last request: 0.000035 seconds.
  path: Assets/ImportedAssets/SimpleNaturePack/Models/Flowers_02.fbx
  artifactKey: Guid(8ea980fdc4aa5e749b000c1a0d4b9bbc) Importer(815301076,1909f56bfc062723c751e8b465ee728b)
Start importing Assets/ImportedAssets/SimpleNaturePack/Models/Flowers_02.fbx using Guid(8ea980fdc4aa5e749b000c1a0d4b9bbc) Importer(815301076,1909f56bfc062723c751e8b465ee728b)  -> (artifact id: 'b7b9f03432124237b1f0eede83787439') in 0.022605 seconds 
========================================================================
Received Import Request.
  Time since last request: 0.000036 seconds.
  path: Assets/ImportedAssets/UnityTechnologies/ParticlePack/Shared/Environment/Models/FloorMiddle.fbx
  artifactKey: Guid(feea4d173b1eac64087516ae6fde538a) Importer(815301076,1909f56bfc062723c751e8b465ee728b)
Start importing Assets/ImportedAssets/UnityTechnologies/ParticlePack/Shared/Environment/Models/FloorMiddle.fbx using Guid(feea4d173b1eac64087516ae6fde538a) Importer(815301076,1909f56bfc062723c751e8b465ee728b)  -> (artifact id: '27cdd47272183d23bbfbba03be3e2141') in 0.034037 seconds 
========================================================================
Received Import Request.
  Time since last request: 0.000034 seconds.
  path: Assets/ImportedAssets/SimpleNaturePack/Models/Ground_01.fbx
  artifactKey: Guid(d4ad967689295ba4eaf8baeaebc8721b) Importer(815301076,1909f56bfc062723c751e8b465ee728b)
Start importing Assets/ImportedAssets/SimpleNaturePack/Models/Ground_01.fbx using Guid(d4ad967689295ba4eaf8baeaebc8721b) Importer(815301076,1909f56bfc062723c751e8b465ee728b)  -> (artifact id: '945b3a3c2b7eecf639533348db5e2a61') in 0.017247 seconds 
========================================================================
Received Import Request.
  Time since last request: 0.000030 seconds.
  path: Assets/ImportedAssets/Survival Pack - Sept 2020/FBX/Match.fbx
  artifactKey: Guid(28bb177b80b4701449690a17a2e264cf) Importer(815301076,1909f56bfc062723c751e8b465ee728b)
Start importing Assets/ImportedAssets/Survival Pack - Sept 2020/FBX/Match.fbx using Guid(28bb177b80b4701449690a17a2e264cf) Importer(815301076,1909f56bfc062723c751e8b465ee728b)  -> (artifact id: '6f3df33eaf1159e1005bfb58ae854f3e') in 0.037733 seconds 
========================================================================
Received Import Request.
  Time since last request: 0.000028 seconds.
  path: Assets/ImportedAssets/Ultimate Food Pack - Oct 2019/FBX/Bacon_Burned.fbx
  artifactKey: Guid(3fb20340895bc5649ac92e39d9583cee) Importer(815301076,1909f56bfc062723c751e8b465ee728b)
Start importing Assets/ImportedAssets/Ultimate Food Pack - Oct 2019/FBX/Bacon_Burned.fbx using Guid(3fb20340895bc5649ac92e39d9583cee) Importer(815301076,1909f56bfc062723c751e8b465ee728b)  -> (artifact id: 'd8cf2205e8636460cede69bb143563a4') in 0.032943 seconds 
========================================================================
Received Import Request.
  Time since last request: 0.000027 seconds.
  path: Assets/ImportedAssets/SimpleNaturePack/Prefabs/Branch_01.prefab
  artifactKey: Guid(b9de24523a11d714db3851b5f0f9d527) Importer(815301076,1909f56bfc062723c751e8b465ee728b)
Start importing Assets/ImportedAssets/SimpleNaturePack/Prefabs/Branch_01.prefab using Guid(b9de24523a11d714db3851b5f0f9d527) Importer(815301076,1909f56bfc062723c751e8b465ee728b)  -> (artifact id: 'fa1fd888e347c2c1071240c6cbd41f71') in 0.013950 seconds 
========================================================================
Received Import Request.
  Time since last request: 0.000023 seconds.
  path: Assets/ImportedAssets/Ultimate Food Pack - Oct 2019/FBX/Pepper_Green.fbx
  artifactKey: Guid(16cb6ef58177aab4c9ad10d01d031990) Importer(815301076,1909f56bfc062723c751e8b465ee728b)
Start importing Assets/ImportedAssets/Ultimate Food Pack - Oct 2019/FBX/Pepper_Green.fbx using Guid(16cb6ef58177aab4c9ad10d01d031990) Importer(815301076,1909f56bfc062723c751e8b465ee728b)  -> (artifact id: 'f0777598507e376fbd51a614e7d4b5f3') in 0.035888 seconds 
========================================================================
Received Import Request.
  Time since last request: 0.000025 seconds.
  path: Assets/ImportedAssets/SimpleNaturePack/Models/Branch_01.fbx
  artifactKey: Guid(5528351815fd4c04abf537f22c7e18f1) Importer(815301076,1909f56bfc062723c751e8b465ee728b)
Start importing Assets/ImportedAssets/SimpleNaturePack/Models/Branch_01.fbx using Guid(5528351815fd4c04abf537f22c7e18f1) Importer(815301076,1909f56bfc062723c751e8b465ee728b)  -> (artifact id: '9ededf056a5e13c922ff7461d9495e95') in 0.016871 seconds 
========================================================================
Received Import Request.
  Time since last request: 0.000033 seconds.
  path: Assets/ImportedAssets/Ultimate Food Pack - Oct 2019/FBX/Fork.fbx
  artifactKey: Guid(db45bdb9a691b494b8c87429dbcf12d0) Importer(815301076,1909f56bfc062723c751e8b465ee728b)
Start importing Assets/ImportedAssets/Ultimate Food Pack - Oct 2019/FBX/Fork.fbx using Guid(db45bdb9a691b494b8c87429dbcf12d0) Importer(815301076,1909f56bfc062723c751e8b465ee728b)  -> (artifact id: 'f1878b9ba154143f5718da914a78b2f2') in 0.027891 seconds 
========================================================================
Received Import Request.
  Time since last request: 0.000032 seconds.
  path: Assets/ImportedAssets/Ultimate Food Pack - Oct 2019/FBX/Knife.fbx
  artifactKey: Guid(de96623bd6747594485ef84fd88db08a) Importer(815301076,1909f56bfc062723c751e8b465ee728b)
Start importing Assets/ImportedAssets/Ultimate Food Pack - Oct 2019/FBX/Knife.fbx using Guid(de96623bd6747594485ef84fd88db08a) Importer(815301076,1909f56bfc062723c751e8b465ee728b)  -> (artifact id: '1ee1fd02716492749f5ff910cb2c5826') in 0.030906 seconds 
========================================================================
Received Import Request.
  Time since last request: 0.000035 seconds.
  path: Assets/ImportedAssets/UnityTechnologies/ParticlePack/EffectExamples/Weapon Effects/Prefabs/FleshImpacts.prefab
  artifactKey: Guid(24b82347924701148a13c746edfb6b22) Importer(815301076,1909f56bfc062723c751e8b465ee728b)
Start importing Assets/ImportedAssets/UnityTechnologies/ParticlePack/EffectExamples/Weapon Effects/Prefabs/FleshImpacts.prefab using Guid(24b82347924701148a13c746edfb6b22) Importer(815301076,1909f56bfc062723c751e8b465ee728b)  -> (artifact id: '023c07ac38093d87b9d7ad092da835a9') in 3.092472 seconds 
========================================================================
Received Import Request.
  Time since last request: 0.000033 seconds.
  path: Assets/ImportedAssets/Ultimate Food Pack - Oct 2019/FBX/Egg_Burned.fbx
  artifactKey: Guid(bc84391f19daff54fb7a706cf3e0a5ff) Importer(815301076,1909f56bfc062723c751e8b465ee728b)
Start importing Assets/ImportedAssets/Ultimate Food Pack - Oct 2019/FBX/Egg_Burned.fbx using Guid(bc84391f19daff54fb7a706cf3e0a5ff) Importer(815301076,1909f56bfc062723c751e8b465ee728b)  -> (artifact id: 'ac440407c76061d752140bb4258f49a9') in 0.037256 seconds 
========================================================================
Received Import Request.
  Time since last request: 0.000049 seconds.
  path: Assets/ImportedAssets/UnityTechnologies/ParticlePack/EffectExamples/Misc Effects/Prefabs/DustMotesEffect.prefab
  artifactKey: Guid(5ca4c580b3888314581688fa46fb142d) Importer(815301076,1909f56bfc062723c751e8b465ee728b)
Start importing Assets/ImportedAssets/UnityTechnologies/ParticlePack/EffectExamples/Misc Effects/Prefabs/DustMotesEffect.prefab using Guid(5ca4c580b3888314581688fa46fb142d) Importer(815301076,1909f56bfc062723c751e8b465ee728b)  -> (artifact id: '2b4e40abc93d0012813ebd566fa1a7a1') in 0.048179 seconds 
========================================================================
Received Import Request.
  Time since last request: 0.000021 seconds.
  path: Assets/ImportedAssets/UnityTechnologies/ParticlePack/EffectExamples/Misc Effects/Models/Ellen.fbx
  artifactKey: Guid(b1d76b05add46f44292ade654065b4c7) Importer(815301076,1909f56bfc062723c751e8b465ee728b)
Start importing Assets/ImportedAssets/UnityTechnologies/ParticlePack/EffectExamples/Misc Effects/Models/Ellen.fbx using Guid(b1d76b05add46f44292ade654065b4c7) Importer(815301076,1909f56bfc062723c751e8b465ee728b)  -> (artifact id: '263ab087e621d472be65c112b2da8498') in 0.034196 seconds 
========================================================================
Received Import Request.
  Time since last request: 0.000021 seconds.
  path: Assets/ImportedAssets/Ultimate Food Pack - Oct 2019/FBX/Chopsticks.fbx
  artifactKey: Guid(c0650777a02667e4d970b10849fcc2a7) Importer(815301076,1909f56bfc062723c751e8b465ee728b)
Start importing Assets/ImportedAssets/Ultimate Food Pack - Oct 2019/FBX/Chopsticks.fbx using Guid(c0650777a02667e4d970b10849fcc2a7) Importer(815301076,1909f56bfc062723c751e8b465ee728b)  -> (artifact id: 'a6cef48e32cb436335f3dd7eab482bc1') in 0.025227 seconds 
========================================================================
Received Import Request.
  Time since last request: 0.000021 seconds.
  path: Assets/ImportedAssets/Ultimate Food Pack - Oct 2019/FBX/FryingPan.fbx
  artifactKey: Guid(3db3dade331db374ca709452367a6e2a) Importer(815301076,1909f56bfc062723c751e8b465ee728b)
Start importing Assets/ImportedAssets/Ultimate Food Pack - Oct 2019/FBX/FryingPan.fbx using Guid(3db3dade331db374ca709452367a6e2a) Importer(815301076,1909f56bfc062723c751e8b465ee728b)  -> (artifact id: '57eb0dacd07d983e4c3d0c45e50fd8b1') in 0.033941 seconds 
========================================================================
Received Import Request.
  Time since last request: 0.000024 seconds.
  path: Assets/ImportedAssets/Survival Pack - Sept 2020/FBX/Phone.fbx
  artifactKey: Guid(ac756f98a4ba41e46b5e8bf27caf562d) Importer(815301076,1909f56bfc062723c751e8b465ee728b)
Start importing Assets/ImportedAssets/Survival Pack - Sept 2020/FBX/Phone.fbx using Guid(ac756f98a4ba41e46b5e8bf27caf562d) Importer(815301076,1909f56bfc062723c751e8b465ee728b)  -> (artifact id: 'de4f973374fcdac7ee1ba63665e63510') in 0.022872 seconds 
========================================================================
Received Import Request.
  Time since last request: 0.000016 seconds.
  path: Assets/ImportedAssets/Survival Pack - Sept 2020/FBX/Can_Red.fbx
  artifactKey: Guid(e8cd870539650d5459a9837a7976366f) Importer(815301076,1909f56bfc062723c751e8b465ee728b)
Start importing Assets/ImportedAssets/Survival Pack - Sept 2020/FBX/Can_Red.fbx using Guid(e8cd870539650d5459a9837a7976366f) Importer(815301076,1909f56bfc062723c751e8b465ee728b)  -> (artifact id: '58b7ce8a71b3d6fb1fd715ab6afb1deb') in 0.040486 seconds 
========================================================================
Received Import Request.
  Time since last request: 0.000035 seconds.
  path: Assets/ImportedAssets/Ultimate Food Pack - Oct 2019/FBX/FishBone.fbx
  artifactKey: Guid(c01fe6d6248f6204d9482bbddbd798a0) Importer(815301076,1909f56bfc062723c751e8b465ee728b)
Start importing Assets/ImportedAssets/Ultimate Food Pack - Oct 2019/FBX/FishBone.fbx using Guid(c01fe6d6248f6204d9482bbddbd798a0) Importer(815301076,1909f56bfc062723c751e8b465ee728b)  -> (artifact id: 'a04fbfdf06332b36e569365b67a664bd') in 0.024725 seconds 
========================================================================
Received Import Request.
  Time since last request: 0.000036 seconds.
  path: Assets/ImportedAssets/Ultimate Food Pack - Oct 2019/FBX/MayoBottle.fbx
  artifactKey: Guid(364cb52f8fb392a42bab9b15acca0538) Importer(815301076,1909f56bfc062723c751e8b465ee728b)
Start importing Assets/ImportedAssets/Ultimate Food Pack - Oct 2019/FBX/MayoBottle.fbx using Guid(364cb52f8fb392a42bab9b15acca0538) Importer(815301076,1909f56bfc062723c751e8b465ee728b)  -> (artifact id: '94a5702aa28a3af914cc7b4bf9ded8df') in 0.024681 seconds 
========================================================================
Received Import Request.
  Time since last request: 0.000030 seconds.
  path: Assets/ImportedAssets/Ultimate Food Pack - Oct 2019/FBX/Donut3.fbx
  artifactKey: Guid(13a7f0ef79b38db44ab364bbf3c0e8ab) Importer(815301076,1909f56bfc062723c751e8b465ee728b)
Start importing Assets/ImportedAssets/Ultimate Food Pack - Oct 2019/FBX/Donut3.fbx using Guid(13a7f0ef79b38db44ab364bbf3c0e8ab) Importer(815301076,1909f56bfc062723c751e8b465ee728b)  -> (artifact id: '97cda970c1c44ddd020596dddbfa9258') in 0.024761 seconds 
========================================================================
Received Import Request.
  Time since last request: 0.000032 seconds.
  path: Assets/ImportedAssets/Survival Pack - Sept 2020/FBX/Can_Open.fbx
  artifactKey: Guid(ad702cd2101803f45a32d8012ac9b323) Importer(815301076,1909f56bfc062723c751e8b465ee728b)
Start importing Assets/ImportedAssets/Survival Pack - Sept 2020/FBX/Can_Open.fbx using Guid(ad702cd2101803f45a32d8012ac9b323) Importer(815301076,1909f56bfc062723c751e8b465ee728b)  -> (artifact id: 'a105b78070d06b292df2a8b95eb6cdf3') in 0.031694 seconds 
========================================================================
Received Import Request.
  Time since last request: 0.000026 seconds.
  path: Assets/ImportedAssets/Ultimate Food Pack - Oct 2019/FBX/PeanutButter.fbx
  artifactKey: Guid(d3f19f03f9c5a3345a09450b130ce03c) Importer(815301076,1909f56bfc062723c751e8b465ee728b)
Start importing Assets/ImportedAssets/Ultimate Food Pack - Oct 2019/FBX/PeanutButter.fbx using Guid(d3f19f03f9c5a3345a09450b130ce03c) Importer(815301076,1909f56bfc062723c751e8b465ee728b)  -> (artifact id: '46b5bbb63ddad11727b6427a0a020507') in 0.042912 seconds 
========================================================================
Received Import Request.
  Time since last request: 0.000035 seconds.
  path: Assets/ImportedAssets/Ultimate Food Pack - Oct 2019/FBX/Pancakes_Stack.fbx
  artifactKey: Guid(9850b5537f43bde41a410bacb34adcb6) Importer(815301076,1909f56bfc062723c751e8b465ee728b)
Start importing Assets/ImportedAssets/Ultimate Food Pack - Oct 2019/FBX/Pancakes_Stack.fbx using Guid(9850b5537f43bde41a410bacb34adcb6) Importer(815301076,1909f56bfc062723c751e8b465ee728b)  -> (artifact id: '9b41efc1d5692e01814f316bb8a8825c') in 0.033365 seconds 
========================================================================
Received Import Request.
  Time since last request: 0.000027 seconds.
  path: Assets/ImportedAssets/Ultimate Food Pack - Oct 2019/FBX/Donut1.fbx
  artifactKey: Guid(a6522e7ebf2579045996858fcc92d1eb) Importer(815301076,1909f56bfc062723c751e8b465ee728b)
Start importing Assets/ImportedAssets/Ultimate Food Pack - Oct 2019/FBX/Donut1.fbx using Guid(a6522e7ebf2579045996858fcc92d1eb) Importer(815301076,1909f56bfc062723c751e8b465ee728b)  -> (artifact id: '51eec22c5921588608930c9dd8ec9e23') in 0.045748 seconds 
========================================================================
Received Import Request.
  Time since last request: 0.000031 seconds.
  path: Assets/ImportedAssets/Alstra Infinite/Tool Set - PolyPack/Models/HammerV1.fbx
  artifactKey: Guid(d3091c2e108769742a1be58840eabb53) Importer(815301076,1909f56bfc062723c751e8b465ee728b)
Start importing Assets/ImportedAssets/Alstra Infinite/Tool Set - PolyPack/Models/HammerV1.fbx using Guid(d3091c2e108769742a1be58840eabb53) Importer(815301076,1909f56bfc062723c751e8b465ee728b)  -> (artifact id: '39d5ae7cd38578acb154f2f08bcd7b41') in 0.018768 seconds 
========================================================================
Received Import Request.
  Time since last request: 0.000045 seconds.
  path: Assets/ImportedAssets/SimpleNaturePack/Models/Grass_01.fbx
  artifactKey: Guid(ad3119cbd6dce024e8460ef32dec49df) Importer(815301076,1909f56bfc062723c751e8b465ee728b)
Start importing Assets/ImportedAssets/SimpleNaturePack/Models/Grass_01.fbx using Guid(ad3119cbd6dce024e8460ef32dec49df) Importer(815301076,1909f56bfc062723c751e8b465ee728b)  -> (artifact id: '29bceb6fe172c4687d993bebdcbc208e') in 0.018654 seconds 
========================================================================
Received Import Request.
  Time since last request: 0.000032 seconds.
  path: Assets/ImportedAssets/Survival Pack - Sept 2020/FBX/Axe.fbx
  artifactKey: Guid(08223fdaba4d5f54cb2cbfd9d197e599) Importer(815301076,1909f56bfc062723c751e8b465ee728b)
Start importing Assets/ImportedAssets/Survival Pack - Sept 2020/FBX/Axe.fbx using Guid(08223fdaba4d5f54cb2cbfd9d197e599) Importer(815301076,1909f56bfc062723c751e8b465ee728b)  -> (artifact id: 'bcc4b49f03dec982c610fd86f0220dcd') in 0.039656 seconds 
========================================================================
Received Import Request.
  Time since last request: 0.000024 seconds.
  path: Assets/ImportedAssets/Survival Pack - Sept 2020/FBX/FirstAidKit.fbx
  artifactKey: Guid(1fcb3c55dd74f0e4ca22f4c8584ac665) Importer(815301076,1909f56bfc062723c751e8b465ee728b)
Start importing Assets/ImportedAssets/Survival Pack - Sept 2020/FBX/FirstAidKit.fbx using Guid(1fcb3c55dd74f0e4ca22f4c8584ac665) Importer(815301076,1909f56bfc062723c751e8b465ee728b)  -> (artifact id: '882e2e6b56737ffff7da51f93fd459d5') in 0.038659 seconds 
========================================================================
Received Import Request.
  Time since last request: 0.000028 seconds.
  path: Assets/ImportedAssets/Survival Pack - Sept 2020/FBX/FirstAidKit_Hard.fbx
  artifactKey: Guid(8a7824a966a99f94394e383cdd2d79cf) Importer(815301076,1909f56bfc062723c751e8b465ee728b)
Start importing Assets/ImportedAssets/Survival Pack - Sept 2020/FBX/FirstAidKit_Hard.fbx using Guid(8a7824a966a99f94394e383cdd2d79cf) Importer(815301076,1909f56bfc062723c751e8b465ee728b)  -> (artifact id: 'c496e4030b1c4ccee64beffc252c8b49') in 0.048600 seconds 
========================================================================
Received Import Request.
  Time since last request: 0.000028 seconds.
  path: Assets/ImportedAssets/Survival Pack - Sept 2020/FBX/Pan_Small.fbx
  artifactKey: Guid(31f74cc1e04fc804f91acd2ae656073d) Importer(815301076,1909f56bfc062723c751e8b465ee728b)
Start importing Assets/ImportedAssets/Survival Pack - Sept 2020/FBX/Pan_Small.fbx using Guid(31f74cc1e04fc804f91acd2ae656073d) Importer(815301076,1909f56bfc062723c751e8b465ee728b)  -> (artifact id: '9ebb6cc20040e1550162ae1f5cfee6a7') in 0.038529 seconds 
========================================================================
Received Import Request.
  Time since last request: 0.000022 seconds.
  path: Assets/ImportedAssets/Ultimate Food Pack - Oct 2019/FBX/Corndog.fbx
  artifactKey: Guid(4eea0e616115ffc41b552a631b3afe4c) Importer(815301076,1909f56bfc062723c751e8b465ee728b)
Start importing Assets/ImportedAssets/Ultimate Food Pack - Oct 2019/FBX/Corndog.fbx using Guid(4eea0e616115ffc41b552a631b3afe4c) Importer(815301076,1909f56bfc062723c751e8b465ee728b)  -> (artifact id: '96ba2d61e553f7e8c2d4ff9ffe7f57e6') in 0.030523 seconds 
========================================================================
Received Import Request.
  Time since last request: 0.000042 seconds.
  path: Assets/ImportedAssets/Ultimate Food Pack - Oct 2019/FBX/Popsicle_Multiple.fbx
  artifactKey: Guid(707193e0c7ce43b41ac04366f2f3e287) Importer(815301076,1909f56bfc062723c751e8b465ee728b)
Start importing Assets/ImportedAssets/Ultimate Food Pack - Oct 2019/FBX/Popsicle_Multiple.fbx using Guid(707193e0c7ce43b41ac04366f2f3e287) Importer(815301076,1909f56bfc062723c751e8b465ee728b)  -> (artifact id: 'e15bee1131fff15e9f46e33a0884cdf8') in 0.041048 seconds 
========================================================================
Received Import Request.
  Time since last request: 0.000053 seconds.
  path: Assets/ImportedAssets/Survival Pack - Sept 2020/FBX/Matchbox.fbx
  artifactKey: Guid(1c9b059f054e10642b50f0a9e3b3c5b0) Importer(815301076,1909f56bfc062723c751e8b465ee728b)
Start importing Assets/ImportedAssets/Survival Pack - Sept 2020/FBX/Matchbox.fbx using Guid(1c9b059f054e10642b50f0a9e3b3c5b0) Importer(815301076,1909f56bfc062723c751e8b465ee728b)  -> (artifact id: 'e6fcf3c1f78c046fedb22c7e4b53e7be') in 0.048328 seconds 
========================================================================
Received Import Request.
  Time since last request: 0.000025 seconds.
  path: Assets/ImportedAssets/Ultimate Food Pack - Oct 2019/FBX/Cheese_Singles.fbx
  artifactKey: Guid(009a56029ceb87f46879aaaf6f4c2dab) Importer(815301076,1909f56bfc062723c751e8b465ee728b)
Start importing Assets/ImportedAssets/Ultimate Food Pack - Oct 2019/FBX/Cheese_Singles.fbx using Guid(009a56029ceb87f46879aaaf6f4c2dab) Importer(815301076,1909f56bfc062723c751e8b465ee728b)  -> (artifact id: 'e139e5ea146f9f3c1c5a1858762e0f19') in 0.021635 seconds 
========================================================================
Received Import Request.
  Time since last request: 0.000029 seconds.
  path: Assets/ImportedAssets/Alstra Infinite/Tool Set - PolyPack/Prefabs/HoeV1.prefab
  artifactKey: Guid(4021f8cbbb8613842a1ab100926ddae2) Importer(815301076,1909f56bfc062723c751e8b465ee728b)
Start importing Assets/ImportedAssets/Alstra Infinite/Tool Set - PolyPack/Prefabs/HoeV1.prefab using Guid(4021f8cbbb8613842a1ab100926ddae2) Importer(815301076,1909f56bfc062723c751e8b465ee728b)  -> (artifact id: '3938c52d1ea69a0ae241ddf5d33dd183') in 0.016331 seconds 
========================================================================
Received Import Request.
  Time since last request: 0.000039 seconds.
  path: Assets/ImportedAssets/Furniture Pack - March 2019/FBX/Bookcase_Books.fbx
  artifactKey: Guid(ba0358b1f2cce934aa40dafbe547c324) Importer(815301076,1909f56bfc062723c751e8b465ee728b)
Start importing Assets/ImportedAssets/Furniture Pack - March 2019/FBX/Bookcase_Books.fbx using Guid(ba0358b1f2cce934aa40dafbe547c324) Importer(815301076,1909f56bfc062723c751e8b465ee728b)  -> (artifact id: '83269f50068c3007637f806204c7927b') in 0.121388 seconds 
========================================================================
Received Import Request.
  Time since last request: 0.000021 seconds.
  path: Assets/ImportedAssets/Cartoon_Farm_Crops/Prefabs/Mobile/Carrot_Fruit.prefab
  artifactKey: Guid(5ccf902a46d565441be630bd717cab9e) Importer(815301076,1909f56bfc062723c751e8b465ee728b)
Start importing Assets/ImportedAssets/Cartoon_Farm_Crops/Prefabs/Mobile/Carrot_Fruit.prefab using Guid(5ccf902a46d565441be630bd717cab9e) Importer(815301076,1909f56bfc062723c751e8b465ee728b)  -> (artifact id: '82449dfd5f809988b45f8a31a079d277') in 0.011897 seconds 
========================================================================
Received Import Request.
  Time since last request: 0.000035 seconds.
  path: Assets/ImportedAssets/Ultimate Food Pack - Oct 2019/FBX/Bacon_Cooked.fbx
  artifactKey: Guid(c76141dc1fa72d74db20c2a6d3136843) Importer(815301076,1909f56bfc062723c751e8b465ee728b)
Start importing Assets/ImportedAssets/Ultimate Food Pack - Oct 2019/FBX/Bacon_Cooked.fbx using Guid(c76141dc1fa72d74db20c2a6d3136843) Importer(815301076,1909f56bfc062723c751e8b465ee728b)  -> (artifact id: 'e5b6855aff373fc7d73db08a71d0c03a') in 0.048361 seconds 
========================================================================
Received Import Request.
  Time since last request: 0.000018 seconds.
  path: Assets/ImportedAssets/Ultimate Food Pack - Oct 2019/FBX/Pizza_Burned.fbx
  artifactKey: Guid(3a962fd40a57fd241b5cf59d1f0d4e37) Importer(815301076,1909f56bfc062723c751e8b465ee728b)
Start importing Assets/ImportedAssets/Ultimate Food Pack - Oct 2019/FBX/Pizza_Burned.fbx using Guid(3a962fd40a57fd241b5cf59d1f0d4e37) Importer(815301076,1909f56bfc062723c751e8b465ee728b)  -> (artifact id: 'ac030abdf21086a5f96a338d145319b4') in 0.042534 seconds 
========================================================================
Received Import Request.
  Time since last request: 0.000019 seconds.
  path: Assets/ImportedAssets/SimpleNaturePack/Models/Ground_02.fbx
  artifactKey: Guid(57d3eed6d2253d24994d5ad37e00aedc) Importer(815301076,1909f56bfc062723c751e8b465ee728b)
Start importing Assets/ImportedAssets/SimpleNaturePack/Models/Ground_02.fbx using Guid(57d3eed6d2253d24994d5ad37e00aedc) Importer(815301076,1909f56bfc062723c751e8b465ee728b)  -> (artifact id: 'fba9d3504c0d22c182e52c9645a4a188') in 0.016726 seconds 
========================================================================
Received Import Request.
  Time since last request: 0.000028 seconds.
  path: Assets/ImportedAssets/Survival Pack - Sept 2020/FBX/Compass_Closed.fbx
  artifactKey: Guid(1d86bcd0690f0df408724da5c52b0b6b) Importer(815301076,1909f56bfc062723c751e8b465ee728b)
Start importing Assets/ImportedAssets/Survival Pack - Sept 2020/FBX/Compass_Closed.fbx using Guid(1d86bcd0690f0df408724da5c52b0b6b) Importer(815301076,1909f56bfc062723c751e8b465ee728b)  -> (artifact id: '4aa4fd7614efafb5b95821af23b5dddf') in 0.023433 seconds 
========================================================================
Received Import Request.
  Time since last request: 0.000018 seconds.
  path: Assets/ImportedAssets/UnityTechnologies/ParticlePack/Shared/Environment/Models/FloorShort.fbx
  artifactKey: Guid(10c6e964dc4450b43b3e447521e02e7d) Importer(815301076,1909f56bfc062723c751e8b465ee728b)
Start importing Assets/ImportedAssets/UnityTechnologies/ParticlePack/Shared/Environment/Models/FloorShort.fbx using Guid(10c6e964dc4450b43b3e447521e02e7d) Importer(815301076,1909f56bfc062723c751e8b465ee728b)  -> (artifact id: '9693b3282d4e7ea0cf4da9dbad3ec8da') in 0.042991 seconds 
========================================================================
Received Import Request.
  Time since last request: 0.000026 seconds.
  path: Assets/ImportedAssets/Ultimate Food Pack - Oct 2019/FBX/Plate2.fbx
  artifactKey: Guid(d36a7c4132eebe5478927ae11c7d2736) Importer(815301076,1909f56bfc062723c751e8b465ee728b)
Start importing Assets/ImportedAssets/Ultimate Food Pack - Oct 2019/FBX/Plate2.fbx using Guid(d36a7c4132eebe5478927ae11c7d2736) Importer(815301076,1909f56bfc062723c751e8b465ee728b)  -> (artifact id: 'bb223b9c77890fe26ab89aaf69a6f3c2') in 0.016747 seconds 
========================================================================
Received Import Request.
  Time since last request: 0.000028 seconds.
  path: Assets/ImportedAssets/Ultimate Food Pack - Oct 2019/FBX/Burger_Bread.fbx
  artifactKey: Guid(db7bdfab752549a4d966c19942d8f485) Importer(815301076,1909f56bfc062723c751e8b465ee728b)
Start importing Assets/ImportedAssets/Ultimate Food Pack - Oct 2019/FBX/Burger_Bread.fbx using Guid(db7bdfab752549a4d966c19942d8f485) Importer(815301076,1909f56bfc062723c751e8b465ee728b)  -> (artifact id: '8db2578adcdad9ef110c140522a5dbaa') in 0.024355 seconds 
========================================================================
Received Import Request.
  Time since last request: 0.000033 seconds.
  path: Assets/ImportedAssets/UnityTechnologies/ParticlePack/Shared/Environment/Prefabs/FloorMiddle.prefab
  artifactKey: Guid(4a71a58a3a7116c4a8aabbf8699066aa) Importer(815301076,1909f56bfc062723c751e8b465ee728b)
Start importing Assets/ImportedAssets/UnityTechnologies/ParticlePack/Shared/Environment/Prefabs/FloorMiddle.prefab using Guid(4a71a58a3a7116c4a8aabbf8699066aa) Importer(815301076,1909f56bfc062723c751e8b465ee728b)  -> (artifact id: 'd5e0c29121ffe360a3bccc1d25e1988f') in 0.024038 seconds 
========================================================================
Received Import Request.
  Time since last request: 0.000022 seconds.
  path: Assets/ImportedAssets/SimpleNaturePack/Prefabs/Ground_02.prefab
  artifactKey: Guid(e2e682b966e3f644392ffbfab511e0e2) Importer(815301076,1909f56bfc062723c751e8b465ee728b)
Start importing Assets/ImportedAssets/SimpleNaturePack/Prefabs/Ground_02.prefab using Guid(e2e682b966e3f644392ffbfab511e0e2) Importer(815301076,1909f56bfc062723c751e8b465ee728b)  -> (artifact id: '079bdfe515a295464c28f2afde1eee73') in 0.023332 seconds 
========================================================================
Received Import Request.
  Time since last request: 0.000053 seconds.
  path: Assets/ImportedAssets/Ultimate Food Pack - Oct 2019/FBX/Hotdog.fbx
  artifactKey: Guid(f605a40eb4a7d634aacef3e439ffeca5) Importer(815301076,1909f56bfc062723c751e8b465ee728b)
Start importing Assets/ImportedAssets/Ultimate Food Pack - Oct 2019/FBX/Hotdog.fbx using Guid(f605a40eb4a7d634aacef3e439ffeca5) Importer(815301076,1909f56bfc062723c751e8b465ee728b)  -> (artifact id: '1d63114faec1ffc29131bd3f7c82ec44') in 0.049698 seconds 
========================================================================
Received Import Request.
  Time since last request: 0.000025 seconds.
  path: Assets/ImportedAssets/UnityTechnologies/ParticlePack/EffectExamples/Misc Effects/Prefabs/FireFlies.prefab
  artifactKey: Guid(379785de5e39005469c875710d3cc5a7) Importer(815301076,1909f56bfc062723c751e8b465ee728b)
Start importing Assets/ImportedAssets/UnityTechnologies/ParticlePack/EffectExamples/Misc Effects/Prefabs/FireFlies.prefab using Guid(379785de5e39005469c875710d3cc5a7) Importer(815301076,1909f56bfc062723c751e8b465ee728b)  -> (artifact id: 'b48019ef70539b3ed33cad80095f8d27') in 0.052606 seconds 
========================================================================
Received Import Request.
  Time since last request: 15.776904 seconds.
  path: Assets/ImportedAssets/Ultimate Food Pack - Oct 2019/FBX/Pumpkin.fbx
  artifactKey: Guid(6e79cfc084b264846be803b853360929) Importer(815301076,1909f56bfc062723c751e8b465ee728b)
Start importing Assets/ImportedAssets/Ultimate Food Pack - Oct 2019/FBX/Pumpkin.fbx using Guid(6e79cfc084b264846be803b853360929) Importer(815301076,1909f56bfc062723c751e8b465ee728b)  -> (artifact id: '7b5ad78815f8c65d3ee428970016d621') in 0.034237 seconds 
========================================================================
Received Import Request.
  Time since last request: 0.000025 seconds.
  path: Assets/ImportedAssets/SimpleNaturePack/Models/Rock_02.fbx
  artifactKey: Guid(3a775dc2c1a334b45a5667a56fe92c23) Importer(815301076,1909f56bfc062723c751e8b465ee728b)
Start importing Assets/ImportedAssets/SimpleNaturePack/Models/Rock_02.fbx using Guid(3a775dc2c1a334b45a5667a56fe92c23) Importer(815301076,1909f56bfc062723c751e8b465ee728b)  -> (artifact id: '920279a9b41bfe0736f52a0cae0daa2e') in 0.015847 seconds 
========================================================================
Received Import Request.
  Time since last request: 0.000042 seconds.
  path: Assets/ImportedAssets/Furniture Pack - March 2019/FBX/Sofa3.fbx
  artifactKey: Guid(4a04e970a1c5ce94ca6e808a1ec75208) Importer(815301076,1909f56bfc062723c751e8b465ee728b)
Start importing Assets/ImportedAssets/Furniture Pack - March 2019/FBX/Sofa3.fbx using Guid(4a04e970a1c5ce94ca6e808a1ec75208) Importer(815301076,1909f56bfc062723c751e8b465ee728b)  -> (artifact id: '62de89a6ad27bfe1c2eb2ce976da9ffa') in 0.026875 seconds 
========================================================================
Received Import Request.
  Time since last request: 0.000025 seconds.
  path: Assets/ImportedAssets/Survival Pack - Sept 2020/FBX/Revolver_1.fbx
  artifactKey: Guid(8157183608b0aee46bb971d4bcaa78aa) Importer(815301076,1909f56bfc062723c751e8b465ee728b)
Start importing Assets/ImportedAssets/Survival Pack - Sept 2020/FBX/Revolver_1.fbx using Guid(8157183608b0aee46bb971d4bcaa78aa) Importer(815301076,1909f56bfc062723c751e8b465ee728b)  -> (artifact id: '867f945d0db588b47c1a41a9c52ae201') in 0.042213 seconds 
========================================================================
Received Import Request.
  Time since last request: 0.000019 seconds.
  path: Assets/ImportedAssets/SimpleNaturePack/Models/Rock_05.fbx
  artifactKey: Guid(fa2e670bb3648a84b9df8d16da25b85e) Importer(815301076,1909f56bfc062723c751e8b465ee728b)
Start importing Assets/ImportedAssets/SimpleNaturePack/Models/Rock_05.fbx using Guid(fa2e670bb3648a84b9df8d16da25b85e) Importer(815301076,1909f56bfc062723c751e8b465ee728b)  -> (artifact id: 'bfe48104e1666734537b8880d744a99a') in 0.016638 seconds 
========================================================================
Received Import Request.
  Time since last request: 0.000023 seconds.
  path: Assets/ImportedAssets/Alstra Infinite/Tool Set - PolyPack/Models/ScytheV1.fbx
  artifactKey: Guid(2dbfb94aea12daf43bbaa0bdf3d9b5f4) Importer(815301076,1909f56bfc062723c751e8b465ee728b)
Start importing Assets/ImportedAssets/Alstra Infinite/Tool Set - PolyPack/Models/ScytheV1.fbx using Guid(2dbfb94aea12daf43bbaa0bdf3d9b5f4) Importer(815301076,1909f56bfc062723c751e8b465ee728b)  -> (artifact id: '72934011d24be7185ee8de2f1234f370') in 0.016249 seconds 
========================================================================
Received Import Request.
  Time since last request: 0.000023 seconds.
  path: Assets/ImportedAssets/SimpleNaturePack/Models/Rock_04.fbx
  artifactKey: Guid(33ebf3440b12ec245bd008cd464f8d9a) Importer(815301076,1909f56bfc062723c751e8b465ee728b)
Start importing Assets/ImportedAssets/SimpleNaturePack/Models/Rock_04.fbx using Guid(33ebf3440b12ec245bd008cd464f8d9a) Importer(815301076,1909f56bfc062723c751e8b465ee728b)  -> (artifact id: 'e974c0ce0d4e29018ce5126d5adc2a32') in 0.017551 seconds 
========================================================================
Received Import Request.
  Time since last request: 0.000026 seconds.
  path: Assets/ImportedAssets/Ultimate Space Kit - March 2023/Vehicles/FBX/Rover_1.fbx
  artifactKey: Guid(681a867828a12a343955b6eda0f19785) Importer(815301076,1909f56bfc062723c751e8b465ee728b)
Start importing Assets/ImportedAssets/Ultimate Space Kit - March 2023/Vehicles/FBX/Rover_1.fbx using Guid(681a867828a12a343955b6eda0f19785) Importer(815301076,1909f56bfc062723c751e8b465ee728b)  -> (artifact id: 'bcae16e1588686163837492e93fe3f85') in 0.073586 seconds 
========================================================================
Received Import Request.
  Time since last request: 0.000026 seconds.
  path: Assets/ImportedAssets/Survival Pack - Sept 2020/FBX/Revolver_2.fbx
  artifactKey: Guid(d86e3257cc2ac2b4c8668c8d6c79d5bc) Importer(815301076,1909f56bfc062723c751e8b465ee728b)
Start importing Assets/ImportedAssets/Survival Pack - Sept 2020/FBX/Revolver_2.fbx using Guid(d86e3257cc2ac2b4c8668c8d6c79d5bc) Importer(815301076,1909f56bfc062723c751e8b465ee728b)  -> (artifact id: '241c4611f75bcf177bbb9155fd7f2d53') in 0.037914 seconds 
========================================================================
Received Import Request.
  Time since last request: 0.000043 seconds.
  path: Assets/ImportedAssets/Ultimate Food Pack - Oct 2019/FBX/Spoon.fbx
  artifactKey: Guid(ff7674132738b6743a2ab24680fe5329) Importer(815301076,1909f56bfc062723c751e8b465ee728b)
Start importing Assets/ImportedAssets/Ultimate Food Pack - Oct 2019/FBX/Spoon.fbx using Guid(ff7674132738b6743a2ab24680fe5329) Importer(815301076,1909f56bfc062723c751e8b465ee728b)  -> (artifact id: 'f1e4ce110bcf938134b6094be0510f05') in 0.023323 seconds 
========================================================================
Received Import Request.
  Time since last request: 0.000025 seconds.
  path: Assets/ImportedAssets/Ultimate Space Kit - March 2023/Vehicles/FBX/Spaceship_FernandoTheFlamingo.fbx
  artifactKey: Guid(4d024e18d02f8024dbb5f005c947dccf) Importer(815301076,1909f56bfc062723c751e8b465ee728b)
Start importing Assets/ImportedAssets/Ultimate Space Kit - March 2023/Vehicles/FBX/Spaceship_FernandoTheFlamingo.fbx using Guid(4d024e18d02f8024dbb5f005c947dccf) Importer(815301076,1909f56bfc062723c751e8b465ee728b)  -> (artifact id: 'c9cee26c86b7e1912a11b22b505c574a') in 0.020996 seconds 
========================================================================
Received Import Request.
  Time since last request: 0.000028 seconds.
  path: Assets/ImportedAssets/Animated Robot - Oct 2018/FBX/Robot.fbx
  artifactKey: Guid(341918f0eaea4ec45b5147ca28029b25) Importer(815301076,1909f56bfc062723c751e8b465ee728b)
Start importing Assets/ImportedAssets/Animated Robot - Oct 2018/FBX/Robot.fbx using Guid(341918f0eaea4ec45b5147ca28029b25) Importer(815301076,1909f56bfc062723c751e8b465ee728b)  -> (artifact id: '31847adb33e82104a26775ac3f68f3fa') in 0.143783 seconds 
========================================================================
Received Import Request.
  Time since last request: 0.000026 seconds.
  path: Assets/ImportedAssets/Survival Pack - Sept 2020/FBX/Raft.fbx
  artifactKey: Guid(246a481f49d77e142af7d2948aa5c535) Importer(815301076,1909f56bfc062723c751e8b465ee728b)
Start importing Assets/ImportedAssets/Survival Pack - Sept 2020/FBX/Raft.fbx using Guid(246a481f49d77e142af7d2948aa5c535) Importer(815301076,1909f56bfc062723c751e8b465ee728b)  -> (artifact id: 'cbf07664bb5408b104ad482d51cd51ab') in 0.024270 seconds 
========================================================================
Received Import Request.
  Time since last request: 0.000026 seconds.
  path: Assets/ImportedAssets/Furniture Pack - March 2019/FBX/Sofa.fbx
  artifactKey: Guid(354c14c92179d2d4c9a40c6c9b0af79a) Importer(815301076,1909f56bfc062723c751e8b465ee728b)
Start importing Assets/ImportedAssets/Furniture Pack - March 2019/FBX/Sofa.fbx using Guid(354c14c92179d2d4c9a40c6c9b0af79a) Importer(815301076,1909f56bfc062723c751e8b465ee728b)  -> (artifact id: '6e52b984b301d8ec5e4ed2a3d4094b7e') in 0.029488 seconds 
========================================================================
Received Import Request.
  Time since last request: 0.000033 seconds.
  path: Assets/ImportedAssets/Ultimate Food Pack - Oct 2019/FBX/SoySauce.fbx
  artifactKey: Guid(a37b7dab3d8adb94e8383303b68e0e5b) Importer(815301076,1909f56bfc062723c751e8b465ee728b)
Start importing Assets/ImportedAssets/Ultimate Food Pack - Oct 2019/FBX/SoySauce.fbx using Guid(a37b7dab3d8adb94e8383303b68e0e5b) Importer(815301076,1909f56bfc062723c751e8b465ee728b)  -> (artifact id: '8a0a36b1d783bb91ca11318328fc9cbf') in 0.035454 seconds 
========================================================================
Received Import Request.
  Time since last request: 0.000030 seconds.
  path: Assets/ImportedAssets/Furniture Pack - March 2019/FBX/ShortCloset.fbx
  artifactKey: Guid(83fe49a4de5bcad4699a62f878416d32) Importer(815301076,1909f56bfc062723c751e8b465ee728b)
Start importing Assets/ImportedAssets/Furniture Pack - March 2019/FBX/ShortCloset.fbx using Guid(83fe49a4de5bcad4699a62f878416d32) Importer(815301076,1909f56bfc062723c751e8b465ee728b)  -> (artifact id: '094f91a1cd56ddc07b4e7fe71d930dd5') in 0.099663 seconds 
========================================================================
Received Import Request.
  Time since last request: 9.299007 seconds.
  path: Assets/ImportedAssets/UnityTechnologies/ParticlePack/Shared/Environment/Models/Step.fbx
  artifactKey: Guid(56419c3da9429f0488c038e5b86ebd7c) Importer(815301076,1909f56bfc062723c751e8b465ee728b)
Start importing Assets/ImportedAssets/UnityTechnologies/ParticlePack/Shared/Environment/Models/Step.fbx using Guid(56419c3da9429f0488c038e5b86ebd7c) Importer(815301076,1909f56bfc062723c751e8b465ee728b)  -> (artifact id: '033d08988173ae713861d5fecdc4ae0a') in 0.031781 seconds 
========================================================================
Received Import Request.
  Time since last request: 0.000021 seconds.
  path: Assets/ImportedAssets/SimpleNaturePack/Models/Tree_02.fbx
  artifactKey: Guid(4471b1f7f824e4d44887e1364c6fc61a) Importer(815301076,1909f56bfc062723c751e8b465ee728b)
Start importing Assets/ImportedAssets/SimpleNaturePack/Models/Tree_02.fbx using Guid(4471b1f7f824e4d44887e1364c6fc61a) Importer(815301076,1909f56bfc062723c751e8b465ee728b)  -> (artifact id: 'ac0c1a5fdd67d97aa42d9d9a950391f3') in 0.015387 seconds 
========================================================================
Received Import Request.
  Time since last request: 0.000022 seconds.
  path: Assets/ImportedAssets/Ultimate Food Pack - Oct 2019/FBX/Tentacle.fbx
  artifactKey: Guid(e47f81620f8ee8140b225e18ca700803) Importer(815301076,1909f56bfc062723c751e8b465ee728b)
Start importing Assets/ImportedAssets/Ultimate Food Pack - Oct 2019/FBX/Tentacle.fbx using Guid(e47f81620f8ee8140b225e18ca700803) Importer(815301076,1909f56bfc062723c751e8b465ee728b)  -> (artifact id: '9796963da5653eaa7580a2cc50ffe0eb') in 0.033567 seconds 
========================================================================
Received Import Request.
  Time since last request: 0.000027 seconds.
  path: Assets/ImportedAssets/SimpleNaturePack/Models/Tree_05.fbx
  artifactKey: Guid(603970f97e50c56488ec3c5a6febd940) Importer(815301076,1909f56bfc062723c751e8b465ee728b)
Start importing Assets/ImportedAssets/SimpleNaturePack/Models/Tree_05.fbx using Guid(603970f97e50c56488ec3c5a6febd940) Importer(815301076,1909f56bfc062723c751e8b465ee728b)  -> (artifact id: '182a350158a49ca07d469c4440d99a9a') in 0.024558 seconds 
========================================================================
Received Import Request.
  Time since last request: 0.000021 seconds.
  path: Assets/ImportedAssets/SimpleNaturePack/Models/Stump_01.fbx
  artifactKey: Guid(768be665aba8b4e4aae7a973ae9616cf) Importer(815301076,1909f56bfc062723c751e8b465ee728b)
Start importing Assets/ImportedAssets/SimpleNaturePack/Models/Stump_01.fbx using Guid(768be665aba8b4e4aae7a973ae9616cf) Importer(815301076,1909f56bfc062723c751e8b465ee728b)  -> (artifact id: 'aa76a66074c0777ae58c5cb0b3cf5f2c') in 0.014315 seconds 
========================================================================
Received Import Request.
  Time since last request: 0.000019 seconds.
  path: Assets/ImportedAssets/Furniture Pack - March 2019/FBX/Stool.fbx
  artifactKey: Guid(32c4d4db3916de448bdc87039e34dae6) Importer(815301076,1909f56bfc062723c751e8b465ee728b)
Start importing Assets/ImportedAssets/Furniture Pack - March 2019/FBX/Stool.fbx using Guid(32c4d4db3916de448bdc87039e34dae6) Importer(815301076,1909f56bfc062723c751e8b465ee728b)  -> (artifact id: 'a15a7316149ec86dbf56f50a4d78b454') in 0.028594 seconds 
========================================================================
Received Import Request.
  Time since last request: 0.000021 seconds.
  path: Assets/ImportedAssets/Survival Pack - Sept 2020/FBX/WoodLog.fbx
  artifactKey: Guid(a3392adde0d2c634783df4c172353ae2) Importer(815301076,1909f56bfc062723c751e8b465ee728b)
Start importing Assets/ImportedAssets/Survival Pack - Sept 2020/FBX/WoodLog.fbx using Guid(a3392adde0d2c634783df4c172353ae2) Importer(815301076,1909f56bfc062723c751e8b465ee728b)  -> (artifact id: '9586a386fa048313cb3a943212901195') in 0.034138 seconds 
========================================================================
Received Import Request.
  Time since last request: 0.000043 seconds.
  path: Assets/ImportedAssets/SimpleNaturePack/Models/Tree_01.fbx
  artifactKey: Guid(6c7eaede4efc960409fb9ef2dfb77f29) Importer(815301076,1909f56bfc062723c751e8b465ee728b)
Start importing Assets/ImportedAssets/SimpleNaturePack/Models/Tree_01.fbx using Guid(6c7eaede4efc960409fb9ef2dfb77f29) Importer(815301076,1909f56bfc062723c751e8b465ee728b)  -> (artifact id: '6c3caead9bbb12a5378381c4b171a80d') in 0.027689 seconds 
========================================================================
Received Import Request.
  Time since last request: 0.000021 seconds.
  path: Assets/ImportedAssets/Ultimate Food Pack - Oct 2019/FBX/Sushi_Nigiri2.fbx
  artifactKey: Guid(6310d78ea02e14c47a7278bf4f35ecc5) Importer(815301076,1909f56bfc062723c751e8b465ee728b)
Start importing Assets/ImportedAssets/Ultimate Food Pack - Oct 2019/FBX/Sushi_Nigiri2.fbx using Guid(6310d78ea02e14c47a7278bf4f35ecc5) Importer(815301076,1909f56bfc062723c751e8b465ee728b)  -> (artifact id: '7fe471ceb7e96614bc13d58bc1d48663') in 0.036501 seconds 
========================================================================
Received Import Request.
  Time since last request: 0.000025 seconds.
  path: Assets/ImportedAssets/Survival Pack - Sept 2020/FBX/WoodenTorch_Fire.fbx
  artifactKey: Guid(c6c091fbc6be6fc4bb07001af3a5ada7) Importer(815301076,1909f56bfc062723c751e8b465ee728b)
Start importing Assets/ImportedAssets/Survival Pack - Sept 2020/FBX/WoodenTorch_Fire.fbx using Guid(c6c091fbc6be6fc4bb07001af3a5ada7) Importer(815301076,1909f56bfc062723c751e8b465ee728b)  -> (artifact id: 'bfd8ced8692cb06a5005015d3d8176a7') in 0.044679 seconds 
========================================================================
Received Import Request.
  Time since last request: 0.000025 seconds.
  path: Assets/ImportedAssets/Survival Pack - Sept 2020/FBX/Torch.fbx
  artifactKey: Guid(59d70450c48a8c74d9fc5205e20b1aae) Importer(815301076,1909f56bfc062723c751e8b465ee728b)
Start importing Assets/ImportedAssets/Survival Pack - Sept 2020/FBX/Torch.fbx using Guid(59d70450c48a8c74d9fc5205e20b1aae) Importer(815301076,1909f56bfc062723c751e8b465ee728b)  -> (artifact id: '047d7d4d8a30144cd2cff71d0e22abbc') in 0.038345 seconds 
========================================================================
Received Import Request.
  Time since last request: 202.689856 seconds.
  path: Assets/ImportedAssets/TextMesh Pro/Examples & Extras/Resources/Fonts & Materials/Electronic Highway Sign SDF.asset
  artifactKey: Guid(dc36b3fdc14f47ebb36fd484a67e268a) Importer(815301076,1909f56bfc062723c751e8b465ee728b)
Start importing Assets/ImportedAssets/TextMesh Pro/Examples & Extras/Resources/Fonts & Materials/Electronic Highway Sign SDF.asset using Guid(dc36b3fdc14f47ebb36fd484a67e268a) Importer(815301076,1909f56bfc062723c751e8b465ee728b)  -> (artifact id: '599e24229666c444049a4085f6df07d1') in 0.063732 seconds 
========================================================================
Received Import Request.
  Time since last request: 0.000019 seconds.
  path: Assets/ImportedAssets/TextMesh Pro/Resources/Fonts & Materials/LiberationSans SDF - Fallback.asset
  artifactKey: Guid(2e498d1c8094910479dc3e1b768306a4) Importer(815301076,1909f56bfc062723c751e8b465ee728b)
Start importing Assets/ImportedAssets/TextMesh Pro/Resources/Fonts & Materials/LiberationSans SDF - Fallback.asset using Guid(2e498d1c8094910479dc3e1b768306a4) Importer(815301076,1909f56bfc062723c751e8b465ee728b)  -> (artifact id: '908512e961a1babccb808440d8326d68') in 0.016944 seconds 
========================================================================
Received Import Request.
  Time since last request: 0.000028 seconds.
  path: Assets/ImportedAssets/TextMesh Pro/Resources/Fonts & Materials/LiberationSans SDF.asset
  artifactKey: Guid(8f586378b4e144a9851e7b34d9b748ee) Importer(815301076,1909f56bfc062723c751e8b465ee728b)
Start importing Assets/ImportedAssets/TextMesh Pro/Resources/Fonts & Materials/LiberationSans SDF.asset using Guid(8f586378b4e144a9851e7b34d9b748ee) Importer(815301076,1909f56bfc062723c751e8b465ee728b)  -> (artifact id: '67909d3bd4f26526daf3891179e0b64d') in 0.034290 seconds 
========================================================================
Received Import Request.
  Time since last request: 0.000023 seconds.
  path: Assets/ImportedAssets/TextMesh Pro/Examples & Extras/Resources/Fonts & Materials/Roboto-Bold SDF.asset
  artifactKey: Guid(5302535af1044152a457ed104f1f4b91) Importer(815301076,1909f56bfc062723c751e8b465ee728b)
Start importing Assets/ImportedAssets/TextMesh Pro/Examples & Extras/Resources/Fonts & Materials/Roboto-Bold SDF.asset using Guid(5302535af1044152a457ed104f1f4b91) Importer(815301076,1909f56bfc062723c751e8b465ee728b)  -> (artifact id: '94113f04409c0b260eb1affff1a5630b') in 0.028273 seconds 
========================================================================
Received Import Request.
  Time since last request: 0.000036 seconds.
  path: Assets/ImportedAssets/TextMesh Pro/Examples & Extras/Resources/Fonts & Materials/Oswald Bold SDF.asset
  artifactKey: Guid(0161d805a3764c089bef00bfe00793f5) Importer(815301076,1909f56bfc062723c751e8b465ee728b)
Start importing Assets/ImportedAssets/TextMesh Pro/Examples & Extras/Resources/Fonts & Materials/Oswald Bold SDF.asset using Guid(0161d805a3764c089bef00bfe00793f5) Importer(815301076,1909f56bfc062723c751e8b465ee728b)  -> (artifact id: 'a4720068445513003fc3ee1467734a46') in 0.044932 seconds 
Editor requested this worker to shutdown with reason: Scaling down because of idle timeout
AssetImportWorker is now disconnected from the server
Process exiting
Exiting without the bug reporter. Application will terminate with return code 0