Using pre-set license
Built from '2021.3/staging' branch; Version is '2021.3.19f1 (c9714fde33b6) revision 13201743'; Using compiler version '192829333'; Build Type 'Release'
OS: 'Windows 10  (10.0.19044) 64bit Core' Language: 'en' Physical Memory: 16333 MB
BatchMode: 1, IsHumanControllingUs: 0, StartBugReporterOnCrash: 0, Is64bit: 1, IsPro: 1

COMMAND LINE ARGUMENTS:
C:\Program Files\Unity\Hub\Editor\2021.3.19f1\Editor\Unity.exe
-adb2
-batchMode
-noUpm
-name
AssetImportWorker2
-projectPath
C:/Users/jiawe/OneDrive/Documents/GitHub/Open-Source-Minecraft-like-Simulation-Environment-for-AI/Environment
-logFile
Logs/AssetImportWorker2.log
-srvPort
3736
Successfully changed project path to: C:/Users/jiawe/OneDrive/Documents/GitHub/Open-Source-Minecraft-like-Simulation-Environment-for-AI/Environment
C:/Users/jiawe/OneDrive/Documents/GitHub/Open-Source-Minecraft-like-Simulation-Environment-for-AI/Environment
[UnityMemory] Configuration Parameters - Can be set up in boot.config
    "memorysetup-bucket-allocator-granularity=16"
    "memorysetup-bucket-allocator-bucket-count=8"
    "memorysetup-bucket-allocator-block-size=33554432"
    "memorysetup-bucket-allocator-block-count=8"
    "memorysetup-main-allocator-block-size=16777216"
    "memorysetup-thread-allocator-block-size=16777216"
    "memorysetup-gfx-main-allocator-block-size=16777216"
    "memorysetup-gfx-thread-allocator-block-size=16777216"
    "memorysetup-cache-allocator-block-size=4194304"
    "memorysetup-typetree-allocator-block-size=2097152"
    "memorysetup-profiler-bucket-allocator-granularity=16"
    "memorysetup-profiler-bucket-allocator-bucket-count=8"
    "memorysetup-profiler-bucket-allocator-block-size=33554432"
    "memorysetup-profiler-bucket-allocator-block-count=8"
    "memorysetup-profiler-allocator-block-size=16777216"
    "memorysetup-profiler-editor-allocator-block-size=1048576"
    "memorysetup-temp-allocator-size-main=16777216"
    "memorysetup-job-temp-allocator-block-size=2097152"
    "memorysetup-job-temp-allocator-block-size-background=1048576"
    "memorysetup-job-temp-allocator-reduction-small-platforms=262144"
    "memorysetup-temp-allocator-size-background-worker=32768"
    "memorysetup-temp-allocator-size-job-worker=262144"
    "memorysetup-temp-allocator-size-preload-manager=33554432"
    "memorysetup-temp-allocator-size-nav-mesh-worker=65536"
    "memorysetup-temp-allocator-size-audio-worker=65536"
    "memorysetup-temp-allocator-size-cloud-worker=32768"
    "memorysetup-temp-allocator-size-gi-baking-worker=262144"
    "memorysetup-temp-allocator-size-gfx=262144"
Player connection [3128] Host "[IP] 10.0.0.67 [Port] 0 [Flags] 2 [Guid] 1309831744 [EditorId] 1309831744 [Version] 1048832 [Id] WindowsEditor(7,DESKTOP-TAGDHKG) [Debug] 1 [PackageName] WindowsEditor [ProjectName] Editor" joined multi-casting on [225.0.0.222:54997]...

Player connection [3128] Host "[IP] 10.0.0.67 [Port] 0 [Flags] 2 [Guid] 1309831744 [EditorId] 1309831744 [Version] 1048832 [Id] WindowsEditor(7,DESKTOP-TAGDHKG) [Debug] 1 [PackageName] WindowsEditor [ProjectName] Editor" joined alternative multi-casting on [225.0.0.222:34997]...

Refreshing native plugins compatible for Editor in 106.94 ms, found 6 plugins.
Preloading 0 native plugins for Editor in 0.00 ms.
Initialize engine version: 2021.3.19f1 (c9714fde33b6)
[Subsystems] Discovering subsystems at path C:/Program Files/Unity/Hub/Editor/2021.3.19f1/Editor/Data/Resources/UnitySubsystems
[Subsystems] Discovering subsystems at path C:/Users/jiawe/OneDrive/Documents/GitHub/Open-Source-Minecraft-like-Simulation-Environment-for-AI/Environment/Assets
GfxDevice: creating device client; threaded=0; jobified=0
Direct3D:
    Version:  Direct3D 11.0 [level 11.1]
    Renderer: NVIDIA GeForce RTX 2070 SUPER (ID=0x1e84)
    Vendor:   NVIDIA
    VRAM:     8003 MB
    Driver:   31.0.15.3118
Initialize mono
Mono path[0] = 'C:/Program Files/Unity/Hub/Editor/2021.3.19f1/Editor/Data/Managed'
Mono path[1] = 'C:/Program Files/Unity/Hub/Editor/2021.3.19f1/Editor/Data/MonoBleedingEdge/lib/mono/unityjit-win32'
Mono config path = 'C:/Program Files/Unity/Hub/Editor/2021.3.19f1/Editor/Data/MonoBleedingEdge/etc'
Using monoOptions --debugger-agent=transport=dt_socket,embedding=1,server=y,suspend=n,address=127.0.0.1:56780
Begin MonoManager ReloadAssembly
Registering precompiled unity dll's ...
Register platform support module: C:/Program Files/Unity/Hub/Editor/2021.3.19f1/Editor/Data/PlaybackEngines/WindowsStandaloneSupport/UnityEditor.WindowsStandalone.Extensions.dll
Registered in 0.009390 seconds.
Native extension for WindowsStandalone target not found
Refreshing native plugins compatible for Editor in 95.24 ms, found 6 plugins.
Preloading 0 native plugins for Editor in 0.00 ms.
Mono: successfully reloaded assembly
- Completed reload, in  0.680 seconds
Domain Reload Profiling:
	ReloadAssembly (681ms)
		BeginReloadAssembly (78ms)
			ExecutionOrderSort (0ms)
			DisableScriptedObjects (0ms)
			BackupInstance (0ms)
			ReleaseScriptingObjects (0ms)
			CreateAndSetChildDomain (1ms)
		EndReloadAssembly (479ms)
			LoadAssemblies (75ms)
			RebuildTransferFunctionScriptingTraits (0ms)
			SetupTypeCache (105ms)
			ReleaseScriptCaches (0ms)
			RebuildScriptCaches (25ms)
			SetupLoadedEditorAssemblies (294ms)
				LogAssemblyErrors (0ms)
				InitializePlatformSupportModulesInManaged (7ms)
				SetLoadedEditorAssemblies (0ms)
				RefreshPlugins (95ms)
				BeforeProcessingInitializeOnLoad (1ms)
				ProcessInitializeOnLoadAttributes (143ms)
				ProcessInitializeOnLoadMethodAttributes (46ms)
				AfterProcessingInitializeOnLoad (0ms)
				EditorAssembliesLoaded (0ms)
			ExecutionOrderSort2 (0ms)
			AwakeInstancesAfterBackupRestoration (0ms)
Platform modules already initialized, skipping
Registering precompiled user dll's ...
Registered in 0.011049 seconds.
Begin MonoManager ReloadAssembly
Symbol file LoadedFromMemory doesn't match image C:\Users\jiawe\OneDrive\Documents\GitHub\Open-Source-Minecraft-like-Simulation-Environment-for-AI\Environment\Library\PackageCache\com.unity.visualscripting@1.8.0\Editor\VisualScripting.Core\Dependencies\YamlDotNet\Unity.VisualScripting.YamlDotNet.dll
Symbol file LoadedFromMemory doesn't match image C:\Users\jiawe\OneDrive\Documents\GitHub\Open-Source-Minecraft-like-Simulation-Environment-for-AI\Environment\Library\PackageCache\com.unity.visualscripting@1.8.0\Editor\VisualScripting.Core\Dependencies\DotNetZip\Unity.VisualScripting.IonicZip.dll
Native extension for WindowsStandalone target not found
Refreshing native plugins compatible for Editor in 92.85 ms, found 6 plugins.
Preloading 0 native plugins for Editor in 0.00 ms.
Mono: successfully reloaded assembly
- Completed reload, in  1.150 seconds
Domain Reload Profiling:
	ReloadAssembly (1151ms)
		BeginReloadAssembly (106ms)
			ExecutionOrderSort (0ms)
			DisableScriptedObjects (5ms)
			BackupInstance (0ms)
			ReleaseScriptingObjects (0ms)
			CreateAndSetChildDomain (19ms)
		EndReloadAssembly (929ms)
			LoadAssemblies (85ms)
			RebuildTransferFunctionScriptingTraits (0ms)
			SetupTypeCache (273ms)
			ReleaseScriptCaches (1ms)
			RebuildScriptCaches (50ms)
			SetupLoadedEditorAssemblies (479ms)
				LogAssemblyErrors (0ms)
				InitializePlatformSupportModulesInManaged (4ms)
				SetLoadedEditorAssemblies (0ms)
				RefreshPlugins (93ms)
				BeforeProcessingInitializeOnLoad (97ms)
				ProcessInitializeOnLoadAttributes (262ms)
				ProcessInitializeOnLoadMethodAttributes (14ms)
				AfterProcessingInitializeOnLoad (9ms)
				EditorAssembliesLoaded (0ms)
			ExecutionOrderSort2 (0ms)
			AwakeInstancesAfterBackupRestoration (7ms)
Platform modules already initialized, skipping
========================================================================
Worker process is ready to serve import requests
Launched and connected shader compiler UnityShaderCompiler.exe after 0.04 seconds
Refreshing native plugins compatible for Editor in 1.02 ms, found 6 plugins.
Preloading 0 native plugins for Editor in 0.00 ms.
Unloading 4200 Unused Serialized files (Serialized files now loaded: 0)
Unloading 136 unused Assets / (26.3 MB). Loaded Objects now: 4609.
Memory consumption went from 305.0 MB to 278.6 MB.
Total: 8.358900 ms (FindLiveObjects: 0.400000 ms CreateObjectMapping: 0.105200 ms MarkObjects: 2.432200 ms  DeleteObjects: 5.420500 ms)

AssetImportParameters requested are different than current active one (requested -> active):
  custom:video-decoder-ogg-theora: a1e56fd34408186e4bbccfd4996cb3dc -> 
  custom:container-muxer-webm: aa71ff27fc2769a1b78a27578f13a17b -> 
  custom:container-demuxer-webm: 4f35f7cbe854078d1ac9338744f61a02 -> 
  custom:video-encoder-webm-vp8: eb34c28f22e8b96e1ab97ce403110664 -> 
  custom:audio-encoder-webm-vorbis: bf7c407c2cedff20999df2af8eb42d56 -> 
  custom:framework-win-MediaFoundation: 216162199b28c13a410421893ffa2e32 -> 
  custom:container-demuxer-ogg: 62fdf1f143b41e24485cea50d1cbac27 -> 
  custom:video-decoder-webm-vp8: 9c59270c3fd7afecdb556c50c9e8de78 -> 
  custom:audio-decoder-ogg-vorbis: bf7c407c2cedff20999df2af8eb42d56 -> 
========================================================================
Received Import Request.
  Time since last request: 25041.359954 seconds.
  path: Assets/ImportedAssets/Ultimate Space Kit - March 2023/Vehicles/FBX/Rover_1.fbx
  artifactKey: Guid(681a867828a12a343955b6eda0f19785) Importer(815301076,1909f56bfc062723c751e8b465ee728b)
Start importing Assets/ImportedAssets/Ultimate Space Kit - March 2023/Vehicles/FBX/Rover_1.fbx using Guid(681a867828a12a343955b6eda0f19785) Importer(815301076,1909f56bfc062723c751e8b465ee728b)  -> (artifact id: '71bc1649de9c6a1ff8edbaee8bd036d4') in 0.232873 seconds 
========================================================================
Received Import Request.
  Time since last request: 69.848427 seconds.
  path: Assets/ImportedAssets/Animated Robot - Oct 2018/FBX/Main.mat
  artifactKey: Guid(e4c3e61889403c642b2bb8657637f633) Importer(815301076,1909f56bfc062723c751e8b465ee728b)
Start importing Assets/ImportedAssets/Animated Robot - Oct 2018/FBX/Main.mat using Guid(e4c3e61889403c642b2bb8657637f633) Importer(815301076,1909f56bfc062723c751e8b465ee728b)  -> (artifact id: 'c4f8c12a77daad3c24d8f83d269f0677') in 0.012453 seconds 
========================================================================
Received Import Request.
  Time since last request: 37.852557 seconds.
  path: Assets/ImportedAssets/Animated Robot - Oct 2018/FBX/Black.mat
  artifactKey: Guid(8b0292ddc546e084c812374683611279) Importer(815301076,1909f56bfc062723c751e8b465ee728b)
Start importing Assets/ImportedAssets/Animated Robot - Oct 2018/FBX/Black.mat using Guid(8b0292ddc546e084c812374683611279) Importer(815301076,1909f56bfc062723c751e8b465ee728b)  -> (artifact id: 'b59f997e96cb8d3e6c62710508d227d3') in 0.018874 seconds 
========================================================================
Received Import Request.
  Time since last request: 2.603478 seconds.
  path: Assets/ImportedAssets/Animated Robot - Oct 2018/FBX/Grey.mat
  artifactKey: Guid(fd71d58204eec894597bcb60b18b4277) Importer(815301076,1909f56bfc062723c751e8b465ee728b)
Start importing Assets/ImportedAssets/Animated Robot - Oct 2018/FBX/Grey.mat using Guid(fd71d58204eec894597bcb60b18b4277) Importer(815301076,1909f56bfc062723c751e8b465ee728b)  -> (artifact id: '50fbe8fcddaa4dbbdfa7bc343f610e77') in 0.018595 seconds 
========================================================================
Received Import Request.
  Time since last request: 2.677000 seconds.
  path: Assets/ImportedAssets/Animated Robot - Oct 2018/FBX/Main.mat
  artifactKey: Guid(e4c3e61889403c642b2bb8657637f633) Importer(815301076,1909f56bfc062723c751e8b465ee728b)
Start importing Assets/ImportedAssets/Animated Robot - Oct 2018/FBX/Main.mat using Guid(e4c3e61889403c642b2bb8657637f633) Importer(815301076,1909f56bfc062723c751e8b465ee728b)  -> (artifact id: '4837801f7ebb412bc50407cf71437a92') in 0.013230 seconds 
========================================================================
Received Import Request.
  Time since last request: 33.114527 seconds.
  path: Assets/ImportedAssets/Ultimate Space Kit - March 2023/Vehicles/Blends
  artifactKey: Guid(81f28e55e6d30db408448a945e9b19c7) Importer(815301076,1909f56bfc062723c751e8b465ee728b)
Start importing Assets/ImportedAssets/Ultimate Space Kit - March 2023/Vehicles/Blends using Guid(81f28e55e6d30db408448a945e9b19c7) Importer(815301076,1909f56bfc062723c751e8b465ee728b)  -> (artifact id: '21260ff33ecb6a8694fe2fe48a8a088b') in 0.007146 seconds 
========================================================================
Received Import Request.
  Time since last request: 1.014858 seconds.
  path: Assets/ImportedAssets/Ultimate Space Kit - March 2023/Vehicles/FBX
  artifactKey: Guid(2a4f67e2dfad04c4d8f52023084f42c7) Importer(815301076,1909f56bfc062723c751e8b465ee728b)
Start importing Assets/ImportedAssets/Ultimate Space Kit - March 2023/Vehicles/FBX using Guid(2a4f67e2dfad04c4d8f52023084f42c7) Importer(815301076,1909f56bfc062723c751e8b465ee728b)  -> (artifact id: 'be3988520a93b9bf1e7fb7fb22606485') in 0.002463 seconds 
========================================================================
Received Import Request.
  Time since last request: 2.278737 seconds.
  path: Assets/ImportedAssets/Ultimate Space Kit - March 2023/Vehicles/Blends/Atlas.png
  artifactKey: Guid(aa85bb5c42f0e9443a955096d731b5e1) Importer(815301076,1909f56bfc062723c751e8b465ee728b)
Start importing Assets/ImportedAssets/Ultimate Space Kit - March 2023/Vehicles/Blends/Atlas.png using Guid(aa85bb5c42f0e9443a955096d731b5e1) Importer(815301076,1909f56bfc062723c751e8b465ee728b)  -> (artifact id: 'ea6c1ca91b140bbe4d9eda5632d3d983') in 0.020356 seconds 
========================================================================
Received Import Request.
  Time since last request: 0.000020 seconds.
  path: Assets/ImportedAssets/Ultimate Space Kit - March 2023/Vehicles/Blends/Spaceship_FinnTheFrog.blend
  artifactKey: Guid(16e97eaa2effc4848911aef3e14b7395) Importer(815301076,1909f56bfc062723c751e8b465ee728b)
Start importing Assets/ImportedAssets/Ultimate Space Kit - March 2023/Vehicles/Blends/Spaceship_FinnTheFrog.blend using Guid(16e97eaa2effc4848911aef3e14b7395) Importer(815301076,1909f56bfc062723c751e8b465ee728b)  -> (artifact id: '0a0f4f082141ad4604bf73c3d75f5343') in 0.034313 seconds 
========================================================================
Received Import Request.
  Time since last request: 0.000022 seconds.
  path: Assets/ImportedAssets/Ultimate Space Kit - March 2023/Vehicles/Blends/Spaceship_RaeTheRedPanda.blend
  artifactKey: Guid(32be71855ff992b4db9214db16264200) Importer(815301076,1909f56bfc062723c751e8b465ee728b)
Start importing Assets/ImportedAssets/Ultimate Space Kit - March 2023/Vehicles/Blends/Spaceship_RaeTheRedPanda.blend using Guid(32be71855ff992b4db9214db16264200) Importer(815301076,1909f56bfc062723c751e8b465ee728b)  -> (artifact id: '916b4f54fed6daf583d09abbb6ae5111') in 0.048136 seconds 
========================================================================
Received Import Request.
  Time since last request: 0.000019 seconds.
  path: Assets/ImportedAssets/Ultimate Space Kit - March 2023/Vehicles/Blends/Rover_2.blend
  artifactKey: Guid(45796ba491c76964991b34831fa0a94f) Importer(815301076,1909f56bfc062723c751e8b465ee728b)
Start importing Assets/ImportedAssets/Ultimate Space Kit - March 2023/Vehicles/Blends/Rover_2.blend using Guid(45796ba491c76964991b34831fa0a94f) Importer(815301076,1909f56bfc062723c751e8b465ee728b)  -> (artifact id: '9ef904c9aacccb3c80a1f41830194918') in 0.067915 seconds 
========================================================================
Received Import Request.
  Time since last request: 0.000027 seconds.
  path: Assets/ImportedAssets/Ultimate Space Kit - March 2023/Vehicles/Blends/Spaceship_FernandoTheFlamingo.blend
  artifactKey: Guid(185737f34192cfd4a82847c7d5b687cf) Importer(815301076,1909f56bfc062723c751e8b465ee728b)
Start importing Assets/ImportedAssets/Ultimate Space Kit - March 2023/Vehicles/Blends/Spaceship_FernandoTheFlamingo.blend using Guid(185737f34192cfd4a82847c7d5b687cf) Importer(815301076,1909f56bfc062723c751e8b465ee728b)  -> (artifact id: 'a239fa34d1bad7b76a3befaeb0dac27a') in 0.019940 seconds 
========================================================================
Received Import Request.
  Time since last request: 48.837240 seconds.
  path: Assets/ImportedAssets/Ultimate Space Kit - March 2023/Vehicles/FBX/Spaceship_FernandoTheFlamingo.fbx
  artifactKey: Guid(4d024e18d02f8024dbb5f005c947dccf) Importer(815301076,1909f56bfc062723c751e8b465ee728b)
Start importing Assets/ImportedAssets/Ultimate Space Kit - March 2023/Vehicles/FBX/Spaceship_FernandoTheFlamingo.fbx using Guid(4d024e18d02f8024dbb5f005c947dccf) Importer(815301076,1909f56bfc062723c751e8b465ee728b)  -> (artifact id: '8b4ccf83a3322c98f01e6ab20cfad990') in 0.030702 seconds 
========================================================================
Received Import Request.
  Time since last request: 55.107824 seconds.
  path: Assets/ImportedAssets/Ultimate Space Kit - March 2023/Vehicles/FBX/Atlas.mat
  artifactKey: Guid(2e5114ad309279d45b32169b47c2fae9) Importer(815301076,1909f56bfc062723c751e8b465ee728b)
Start importing Assets/ImportedAssets/Ultimate Space Kit - March 2023/Vehicles/FBX/Atlas.mat using Guid(2e5114ad309279d45b32169b47c2fae9) Importer(815301076,1909f56bfc062723c751e8b465ee728b)  -> (artifact id: '55ebcc2963dfd6f6a53a0e77dd0a5c10') in 0.012864 seconds 
========================================================================
Received Import Request.
  Time since last request: 260.142215 seconds.
  path: Assets/ImportedAssets/Ultimate Space Kit - March 2023/Vehicles/FBX/Atlas.mat
  artifactKey: Guid(2e5114ad309279d45b32169b47c2fae9) Importer(815301076,1909f56bfc062723c751e8b465ee728b)
Start importing Assets/ImportedAssets/Ultimate Space Kit - March 2023/Vehicles/FBX/Atlas.mat using Guid(2e5114ad309279d45b32169b47c2fae9) Importer(815301076,1909f56bfc062723c751e8b465ee728b)  -> (artifact id: '19d5e2deb3ab45610c1c86edb2e31f25') in 0.042017 seconds 
========================================================================
Received Import Request.
  Time since last request: 21.360242 seconds.
  path: Assets/ImportedAssets/Ultimate Space Kit - March 2023/Vehicles/FBX/Atlas.mat
  artifactKey: Guid(2e5114ad309279d45b32169b47c2fae9) Importer(815301076,1909f56bfc062723c751e8b465ee728b)
Start importing Assets/ImportedAssets/Ultimate Space Kit - March 2023/Vehicles/FBX/Atlas.mat using Guid(2e5114ad309279d45b32169b47c2fae9) Importer(815301076,1909f56bfc062723c751e8b465ee728b)  -> (artifact id: '59c2d61b4ce909f46e5c480dbe55d024') in 0.013521 seconds 
