Unity Editor version:    2021.3.17f1 (3e8111cac19d)
Branch:                  2021.3/release
Build type:              Release
Batch mode:              YES
macOS version:           Version 13.0 (Build 22A8380)
Darwin version:          22.1.0
Architecture:            arm64
Running under Rosetta:   NO
Available memory:        16384 MB
Using pre-set license
Pro License: YES

COMMAND LINE ARGUMENTS:
/Applications/Unity/Hub/Editor/2021.3.17f1/Unity.app/Contents/MacOS/Unity
-adb2
-batchMode
-noUpm
-name
AssetImportWorker7
-projectPath
/Users/a./ecs193_git/Open-Source-Minecraft-like-Simulation-Environment-for-AI/Sandbox Game
-logFile
Logs/AssetImportWorker7.log
-srvPort
58411
Successfully changed project path to: /Users/a./ecs193_git/Open-Source-Minecraft-like-Simulation-Environment-for-AI/Sandbox Game
/Users/a./ecs193_git/Open-Source-Minecraft-like-Simulation-Environment-for-AI/Sandbox Game
[UnityMemory] Configuration Parameters - Can be set up in boot.config
    "memorysetup-bucket-allocator-granularity=16"
    "memorysetup-bucket-allocator-bucket-count=8"
    "memorysetup-bucket-allocator-block-size=33554432"
    "memorysetup-bucket-allocator-block-count=8"
    "memorysetup-main-allocator-block-size=16777216"
    "memorysetup-thread-allocator-block-size=16777216"
    "memorysetup-gfx-main-allocator-block-size=16777216"
    "memorysetup-gfx-thread-allocator-block-size=16777216"
    "memorysetup-cache-allocator-block-size=4194304"
    "memorysetup-typetree-allocator-block-size=2097152"
    "memorysetup-profiler-bucket-allocator-granularity=16"
    "memorysetup-profiler-bucket-allocator-bucket-count=8"
    "memorysetup-profiler-bucket-allocator-block-size=33554432"
    "memorysetup-profiler-bucket-allocator-block-count=8"
    "memorysetup-profiler-allocator-block-size=16777216"
    "memorysetup-profiler-editor-allocator-block-size=1048576"
    "memorysetup-temp-allocator-size-main=16777216"
    "memorysetup-job-temp-allocator-block-size=2097152"
    "memorysetup-job-temp-allocator-block-size-background=1048576"
    "memorysetup-job-temp-allocator-reduction-small-platforms=262144"
    "memorysetup-temp-allocator-size-background-worker=32768"
    "memorysetup-temp-allocator-size-job-worker=262144"
    "memorysetup-temp-allocator-size-preload-manager=33554432"
    "memorysetup-temp-allocator-size-nav-mesh-worker=65536"
    "memorysetup-temp-allocator-size-audio-worker=65536"
    "memorysetup-temp-allocator-size-cloud-worker=32768"
    "memorysetup-temp-allocator-size-gi-baking-worker=262144"
    "memorysetup-temp-allocator-size-gfx=262144"
Player connection [8407295232] Host "[IP] 168.150.100.175 [Port] 0 [Flags] 2 [Guid] 1445346347 [EditorId] 1445346347 [Version] 1048832 [Id] OSXEditor(0,campus-100-175.ucdavis.edu) [Debug] 1 [PackageName] OSXEditor [ProjectName] Editor" joined multi-casting on [225.0.0.222:54997]...

Player connection [8407295232] Host "[IP] 168.150.100.175 [Port] 0 [Flags] 2 [Guid] 1445346347 [EditorId] 1445346347 [Version] 1048832 [Id] OSXEditor(0,campus-100-175.ucdavis.edu) [Debug] 1 [PackageName] OSXEditor [ProjectName] Editor" joined alternative multi-casting on [225.0.0.222:34997]...

Refreshing native plugins compatible for Editor in 70.02 ms, found 3 plugins.
Preloading 0 native plugins for Editor in 0.00 ms.
Initialize engine version: 2021.3.17f1 (3e8111cac19d)
[Subsystems] Discovering subsystems at path /Applications/Unity/Hub/Editor/2021.3.17f1/Unity.app/Contents/Resources/UnitySubsystems
[Subsystems] Discovering subsystems at path /Users/a./ecs193_git/Open-Source-Minecraft-like-Simulation-Environment-for-AI/Sandbox Game/Assets
GfxDevice: creating device client; threaded=0; jobified=0
 preferred device: Apple M2 Pro (high power)
Metal devices available: 1
0: Apple M2 Pro (high power)
Using device Apple M2 Pro (high power)
Initializing Metal device caps: Apple M2 Pro
Initialize mono
Mono path[0] = '/Applications/Unity/Hub/Editor/2021.3.17f1/Unity.app/Contents/Managed'
Mono path[1] = '/Applications/Unity/Hub/Editor/2021.3.17f1/Unity.app/Contents/MonoBleedingEdge/lib/mono/unityjit-macos'
Mono config path = '/Applications/Unity/Hub/Editor/2021.3.17f1/Unity.app/Contents/MonoBleedingEdge/etc'
Using monoOptions --debugger-agent=transport=dt_socket,embedding=1,server=y,suspend=n,address=127.0.0.1:56407
Begin MonoManager ReloadAssembly
Registering precompiled unity dll's ...
Register platform support module: /Applications/Unity/Hub/Editor/2021.3.17f1/Unity.app/Contents/PlaybackEngines/MacStandaloneSupport/UnityEditor.OSXStandalone.Extensions.dll
Registered in 0.001199 seconds.
Native extension for OSXStandalone target not found
Refreshing native plugins compatible for Editor in 67.69 ms, found 3 plugins.
Preloading 0 native plugins for Editor in 0.00 ms.
Mono: successfully reloaded assembly
- Completed reload, in  0.396 seconds
Domain Reload Profiling:
	ReloadAssembly (396ms)
		BeginReloadAssembly (45ms)
			ExecutionOrderSort (0ms)
			DisableScriptedObjects (0ms)
			BackupInstance (0ms)
			ReleaseScriptingObjects (0ms)
			CreateAndSetChildDomain (0ms)
		EndReloadAssembly (285ms)
			LoadAssemblies (45ms)
			RebuildTransferFunctionScriptingTraits (0ms)
			SetupTypeCache (64ms)
			ReleaseScriptCaches (0ms)
			RebuildScriptCaches (18ms)
			SetupLoadedEditorAssemblies (177ms)
				LogAssemblyErrors (0ms)
				InitializePlatformSupportModulesInManaged (3ms)
				SetLoadedEditorAssemblies (0ms)
				RefreshPlugins (68ms)
				BeforeProcessingInitializeOnLoad (1ms)
				ProcessInitializeOnLoadAttributes (82ms)
				ProcessInitializeOnLoadMethodAttributes (24ms)
				AfterProcessingInitializeOnLoad (0ms)
				EditorAssembliesLoaded (0ms)
			ExecutionOrderSort2 (0ms)
			AwakeInstancesAfterBackupRestoration (0ms)
Platform modules already initialized, skipping
Registering precompiled user dll's ...
Registered in 0.006461 seconds.
Begin MonoManager ReloadAssembly
Symbol file LoadedFromMemory doesn't match image /Users/a./ecs193_git/Open-Source-Minecraft-like-Simulation-Environment-for-AI/Sandbox Game/Library/PackageCache/com.unity.visualscripting@1.8.0/Editor/VisualScripting.Core/Dependencies/YamlDotNet/Unity.VisualScripting.YamlDotNet.dll
Symbol file LoadedFromMemory doesn't match image /Users/a./ecs193_git/Open-Source-Minecraft-like-Simulation-Environment-for-AI/Sandbox Game/Library/PackageCache/com.unity.visualscripting@1.8.0/Editor/VisualScripting.Core/Dependencies/DotNetZip/Unity.VisualScripting.IonicZip.dll
Native extension for OSXStandalone target not found
Refreshing native plugins compatible for Editor in 67.38 ms, found 3 plugins.
Preloading 0 native plugins for Editor in 0.00 ms.
Mono: successfully reloaded assembly
- Completed reload, in  0.689 seconds
Domain Reload Profiling:
	ReloadAssembly (690ms)
		BeginReloadAssembly (50ms)
			ExecutionOrderSort (0ms)
			DisableScriptedObjects (3ms)
			BackupInstance (0ms)
			ReleaseScriptingObjects (0ms)
			CreateAndSetChildDomain (14ms)
		EndReloadAssembly (571ms)
			LoadAssemblies (54ms)
			RebuildTransferFunctionScriptingTraits (0ms)
			SetupTypeCache (148ms)
			ReleaseScriptCaches (1ms)
			RebuildScriptCaches (38ms)
			SetupLoadedEditorAssemblies (300ms)
				LogAssemblyErrors (0ms)
				InitializePlatformSupportModulesInManaged (2ms)
				SetLoadedEditorAssemblies (0ms)
				RefreshPlugins (67ms)
				BeforeProcessingInitializeOnLoad (57ms)
				ProcessInitializeOnLoadAttributes (149ms)
				ProcessInitializeOnLoadMethodAttributes (23ms)
				AfterProcessingInitializeOnLoad (1ms)
				EditorAssembliesLoaded (0ms)
			ExecutionOrderSort2 (0ms)
			AwakeInstancesAfterBackupRestoration (2ms)
Platform modules already initialized, skipping
========================================================================
Worker process is ready to serve import requests
Launching external process: /Applications/Unity/Hub/Editor/2021.3.17f1/Unity.app/Contents/Tools/UnityShaderCompiler
Launched and connected shader compiler UnityShaderCompiler after 0.17 seconds
Refreshing native plugins compatible for Editor in 0.46 ms, found 3 plugins.
Preloading 0 native plugins for Editor in 0.00 ms.
Unloading 4221 Unused Serialized files (Serialized files now loaded: 0)
Unloading 51 unused Assets / (112.9 KB). Loaded Objects now: 4676.
Memory consumption went from 152.6 MB to 152.5 MB.
Total: 2.580875 ms (FindLiveObjects: 0.115125 ms CreateObjectMapping: 0.060917 ms MarkObjects: 2.331208 ms  DeleteObjects: 0.073250 ms)

AssetImportParameters requested are different than current active one (requested -> active):
  custom:video-decoder-ogg-theora: a1e56fd34408186e4bbccfd4996cb3dc -> 
  custom:container-muxer-webm: aa71ff27fc2769a1b78a27578f13a17b -> 
  custom:container-demuxer-webm: 4f35f7cbe854078d1ac9338744f61a02 -> 
  custom:video-encoder-webm-vp8: eb34c28f22e8b96e1ab97ce403110664 -> 
  custom:framework-osx-AVFoundation: e770b220cccbd017edd2c1fefb359320 -> 
  custom:audio-encoder-webm-vorbis: bf7c407c2cedff20999df2af8eb42d56 -> 
  custom:container-demuxer-ogg: 62fdf1f143b41e24485cea50d1cbac27 -> 
  custom:video-decoder-webm-vp8: 9c59270c3fd7afecdb556c50c9e8de78 -> 
  custom:audio-decoder-ogg-vorbis: bf7c407c2cedff20999df2af8eb42d56 -> 
========================================================================
Received Import Request.
  Time since last request: 154951.688249 seconds.
  path: Assets/gfx/character.png
  artifactKey: Guid(dd02662ef17134980b0e6e4aae90e1fa) Importer(815301076,1909f56bfc062723c751e8b465ee728b)
Start importing Assets/gfx/character.png using Guid(dd02662ef17134980b0e6e4aae90e1fa) Importer(815301076,1909f56bfc062723c751e8b465ee728b)  -> (artifact id: 'efcc8cd46fde7fa8e5ba01edafc70d37') in 0.172289 seconds 
========================================================================
Received Import Request.
  Time since last request: 67.082260 seconds.
  path: Assets/Sprites/Roguelike pack/Sample1.png
  artifactKey: Guid(5bee35cf26ec14b53b5d6af1cad5cdd1) Importer(815301076,1909f56bfc062723c751e8b465ee728b)
Start importing Assets/Sprites/Roguelike pack/Sample1.png using Guid(5bee35cf26ec14b53b5d6af1cad5cdd1) Importer(815301076,1909f56bfc062723c751e8b465ee728b)  -> (artifact id: '32c664ec95275a0071eb66d21c09dfae') in 0.042809 seconds 
========================================================================
Received Import Request.
  Time since last request: 0.000053 seconds.
  path: Assets/Sprites/Roguelike pack/Sample2.png
  artifactKey: Guid(cffedf826376247faaa9a44c5182d5c8) Importer(815301076,1909f56bfc062723c751e8b465ee728b)
Start importing Assets/Sprites/Roguelike pack/Sample2.png using Guid(cffedf826376247faaa9a44c5182d5c8) Importer(815301076,1909f56bfc062723c751e8b465ee728b)  -> (artifact id: '4fd1d5348a62b63358248f9c1ef2b985') in 0.022300 seconds 
========================================================================
Received Import Request.
  Time since last request: 6.062368 seconds.
  path: Assets/Sprites/Roguelike pack/Spritesheet/roguelikeSheet_transparent.png
  artifactKey: Guid(3c0f9158bf9734cc6af3b51dad5291f1) Importer(815301076,1909f56bfc062723c751e8b465ee728b)
Start importing Assets/Sprites/Roguelike pack/Spritesheet/roguelikeSheet_transparent.png using Guid(3c0f9158bf9734cc6af3b51dad5291f1) Importer(815301076,1909f56bfc062723c751e8b465ee728b)  -> (artifact id: '6cc4a28ab6bea989a1f782d7810f2bb8') in 0.038247 seconds 
========================================================================
Received Prepare
Registering precompiled user dll's ...
Registered in 0.001986 seconds.
Begin MonoManager ReloadAssembly
Thread 0x299fc7000 may have been prematurely finalized
Symbol file LoadedFromMemory doesn't match image /Users/a./ecs193_git/Open-Source-Minecraft-like-Simulation-Environment-for-AI/Sandbox Game/Library/PackageCache/com.unity.visualscripting@1.8.0/Editor/VisualScripting.Core/Dependencies/YamlDotNet/Unity.VisualScripting.YamlDotNet.dll
Symbol file LoadedFromMemory doesn't match image /Users/a./ecs193_git/Open-Source-Minecraft-like-Simulation-Environment-for-AI/Sandbox Game/Library/PackageCache/com.unity.visualscripting@1.8.0/Editor/VisualScripting.Core/Dependencies/DotNetZip/Unity.VisualScripting.IonicZip.dll
Native extension for OSXStandalone target not found
Refreshing native plugins compatible for Editor in 0.59 ms, found 3 plugins.
Preloading 0 native plugins for Editor in 0.00 ms.
Mono: successfully reloaded assembly
- Completed reload, in  0.600 seconds
Domain Reload Profiling:
	ReloadAssembly (600ms)
		BeginReloadAssembly (92ms)
			ExecutionOrderSort (0ms)
			DisableScriptedObjects (5ms)
			BackupInstance (0ms)
			ReleaseScriptingObjects (0ms)
			CreateAndSetChildDomain (42ms)
		EndReloadAssembly (451ms)
			LoadAssemblies (38ms)
			RebuildTransferFunctionScriptingTraits (0ms)
			SetupTypeCache (151ms)
			ReleaseScriptCaches (1ms)
			RebuildScriptCaches (31ms)
			SetupLoadedEditorAssemblies (206ms)
				LogAssemblyErrors (0ms)
				InitializePlatformSupportModulesInManaged (6ms)
				SetLoadedEditorAssemblies (0ms)
				RefreshPlugins (1ms)
				BeforeProcessingInitializeOnLoad (41ms)
				ProcessInitializeOnLoadAttributes (137ms)
				ProcessInitializeOnLoadMethodAttributes (20ms)
				AfterProcessingInitializeOnLoad (1ms)
				EditorAssembliesLoaded (0ms)
			ExecutionOrderSort2 (0ms)
			AwakeInstancesAfterBackupRestoration (3ms)
Platform modules already initialized, skipping
Refreshing native plugins compatible for Editor in 1.19 ms, found 3 plugins.
Preloading 0 native plugins for Editor in 0.00 ms.
Unloading 4210 Unused Serialized files (Serialized files now loaded: 0)
Unloading 26 unused Assets / (92.6 KB). Loaded Objects now: 4704.
Memory consumption went from 157.7 MB to 157.6 MB.
Total: 2.836958 ms (FindLiveObjects: 0.114208 ms CreateObjectMapping: 0.057875 ms MarkObjects: 2.638208 ms  DeleteObjects: 0.026167 ms)

AssetImportParameters requested are different than current active one (requested -> active):
  custom:video-decoder-ogg-theora: a1e56fd34408186e4bbccfd4996cb3dc -> 
  custom:container-muxer-webm: aa71ff27fc2769a1b78a27578f13a17b -> 
  custom:container-demuxer-webm: 4f35f7cbe854078d1ac9338744f61a02 -> 
  custom:video-encoder-webm-vp8: eb34c28f22e8b96e1ab97ce403110664 -> 
  custom:framework-osx-AVFoundation: e770b220cccbd017edd2c1fefb359320 -> 
  custom:audio-encoder-webm-vorbis: bf7c407c2cedff20999df2af8eb42d56 -> 
  custom:container-demuxer-ogg: 62fdf1f143b41e24485cea50d1cbac27 -> 
  custom:video-decoder-webm-vp8: 9c59270c3fd7afecdb556c50c9e8de78 -> 
  custom:audio-decoder-ogg-vorbis: bf7c407c2cedff20999df2af8eb42d56 -> 
========================================================================
Received Import Request.
  Time since last request: 984.207344 seconds.
  path: Assets/Sprites/mystic_woods_free_2.1/sprites/tilesets/sliced_object/plains_46.asset
  artifactKey: Guid(9facd26a4cff94bb98713b573ff71c9f) Importer(815301076,1909f56bfc062723c751e8b465ee728b)
Start importing Assets/Sprites/mystic_woods_free_2.1/sprites/tilesets/sliced_object/plains_46.asset using Guid(9facd26a4cff94bb98713b573ff71c9f) Importer(815301076,1909f56bfc062723c751e8b465ee728b)  -> (artifact id: '0dfdef31f6db3f13348bf3b6c8b05b5b') in 0.085857 seconds 
========================================================================
Received Import Request.
  Time since last request: 0.000036 seconds.
  path: Assets/Sprites/mystic_woods_free_2.1/sprites/tilesets/sliced_object/plains_50.asset
  artifactKey: Guid(885b68e0f51b84735829622d613f3c69) Importer(815301076,1909f56bfc062723c751e8b465ee728b)
Start importing Assets/Sprites/mystic_woods_free_2.1/sprites/tilesets/sliced_object/plains_50.asset using Guid(885b68e0f51b84735829622d613f3c69) Importer(815301076,1909f56bfc062723c751e8b465ee728b)  -> (artifact id: 'd9638b6b720644f3bde3528ff69f0430') in 0.003551 seconds 
========================================================================
Received Import Request.
  Time since last request: 0.000063 seconds.
  path: Assets/Sprites/mystic_woods_free_2.1/sprites/tilesets/sliced_object/plains_64.asset
  artifactKey: Guid(d6e8d9d2b9f134876960af650c83c3b9) Importer(815301076,1909f56bfc062723c751e8b465ee728b)
Start importing Assets/Sprites/mystic_woods_free_2.1/sprites/tilesets/sliced_object/plains_64.asset using Guid(d6e8d9d2b9f134876960af650c83c3b9) Importer(815301076,1909f56bfc062723c751e8b465ee728b)  -> (artifact id: 'c68997674994d2b19c3bb9156fffa506') in 0.003197 seconds 
========================================================================
Received Import Request.
  Time since last request: 0.000038 seconds.
  path: Assets/Sprites/mystic_woods_free_2.1/sprites/tilesets/sliced_object/plains_55.asset
  artifactKey: Guid(97540bbe88e3845d8b589665e01bc0cb) Importer(815301076,1909f56bfc062723c751e8b465ee728b)
Start importing Assets/Sprites/mystic_woods_free_2.1/sprites/tilesets/sliced_object/plains_55.asset using Guid(97540bbe88e3845d8b589665e01bc0cb) Importer(815301076,1909f56bfc062723c751e8b465ee728b)  -> (artifact id: 'a74bd24b325c1693c2e31747fceeb169') in 0.002483 seconds 
========================================================================
Received Import Request.
  Time since last request: 0.000036 seconds.
  path: Assets/Sprites/mystic_woods_free_2.1/sprites/tilesets/sliced_object/plains_62.asset
  artifactKey: Guid(9125f4eaf1dae4877b2e2b46ebc6fd75) Importer(815301076,1909f56bfc062723c751e8b465ee728b)
Start importing Assets/Sprites/mystic_woods_free_2.1/sprites/tilesets/sliced_object/plains_62.asset using Guid(9125f4eaf1dae4877b2e2b46ebc6fd75) Importer(815301076,1909f56bfc062723c751e8b465ee728b)  -> (artifact id: '96ef6f7d5826d5feffb3ea3d0b3c065c') in 0.002846 seconds 
========================================================================
Received Import Request.
  Time since last request: 0.000030 seconds.
  path: Assets/Sprites/mystic_woods_free_2.1/sprites/tilesets/sliced_object/plains_63.asset
  artifactKey: Guid(213c5db29b2434d058b04491ff7a5aa4) Importer(815301076,1909f56bfc062723c751e8b465ee728b)
Start importing Assets/Sprites/mystic_woods_free_2.1/sprites/tilesets/sliced_object/plains_63.asset using Guid(213c5db29b2434d058b04491ff7a5aa4) Importer(815301076,1909f56bfc062723c751e8b465ee728b)  -> (artifact id: 'fb207ce6b7b69c24e7efb750e24ab2b9') in 0.003218 seconds 
========================================================================
Received Import Request.
  Time since last request: 0.000054 seconds.
  path: Assets/Sprites/mystic_woods_free_2.1/sprites/tilesets/sliced_object/plains_57.asset
  artifactKey: Guid(2c338e4c084074372958a0b4d679ef60) Importer(815301076,1909f56bfc062723c751e8b465ee728b)
Start importing Assets/Sprites/mystic_woods_free_2.1/sprites/tilesets/sliced_object/plains_57.asset using Guid(2c338e4c084074372958a0b4d679ef60) Importer(815301076,1909f56bfc062723c751e8b465ee728b)  -> (artifact id: '3827eff2ebbf5c8477b52bd9b80a64d6') in 0.003684 seconds 
========================================================================
Received Import Request.
  Time since last request: 0.000037 seconds.
  path: Assets/Sprites/mystic_woods_free_2.1/sprites/tilesets/sliced_object/plains_58.asset
  artifactKey: Guid(892c20072a816479c960ddacde188ce0) Importer(815301076,1909f56bfc062723c751e8b465ee728b)
Start importing Assets/Sprites/mystic_woods_free_2.1/sprites/tilesets/sliced_object/plains_58.asset using Guid(892c20072a816479c960ddacde188ce0) Importer(815301076,1909f56bfc062723c751e8b465ee728b)  -> (artifact id: 'e30fded1c8eb430603652a0b69841e2b') in 0.003603 seconds 
========================================================================
Received Import Request.
  Time since last request: 0.000034 seconds.
  path: Assets/Sprites/mystic_woods_free_2.1/sprites/tilesets/sliced_object/plains_47.asset
  artifactKey: Guid(c0f3fd04957bd40cd8bf4fe84e56b55f) Importer(815301076,1909f56bfc062723c751e8b465ee728b)
Start importing Assets/Sprites/mystic_woods_free_2.1/sprites/tilesets/sliced_object/plains_47.asset using Guid(c0f3fd04957bd40cd8bf4fe84e56b55f) Importer(815301076,1909f56bfc062723c751e8b465ee728b)  -> (artifact id: '36e97a3dc4085c890fd39a9af939019d') in 0.003017 seconds 
========================================================================
Received Import Request.
  Time since last request: 0.000028 seconds.
  path: Assets/Sprites/mystic_woods_free_2.1/sprites/tilesets/sliced_object/plains_49.asset
  artifactKey: Guid(bfc4e2c75b4b2487da6d9ae342424fbb) Importer(815301076,1909f56bfc062723c751e8b465ee728b)
Start importing Assets/Sprites/mystic_woods_free_2.1/sprites/tilesets/sliced_object/plains_49.asset using Guid(bfc4e2c75b4b2487da6d9ae342424fbb) Importer(815301076,1909f56bfc062723c751e8b465ee728b)  -> (artifact id: '6994ea857376ee283c3a09b29c36926e') in 0.002347 seconds 
========================================================================
Received Import Request.
  Time since last request: 0.000027 seconds.
  path: Assets/Sprites/mystic_woods_free_2.1/sprites/tilesets/sliced_object/plains_59.asset
  artifactKey: Guid(c4d871423d4954b2f84898baf13b57ed) Importer(815301076,1909f56bfc062723c751e8b465ee728b)
Start importing Assets/Sprites/mystic_woods_free_2.1/sprites/tilesets/sliced_object/plains_59.asset using Guid(c4d871423d4954b2f84898baf13b57ed) Importer(815301076,1909f56bfc062723c751e8b465ee728b)  -> (artifact id: '743b3610cb402dcb021a276502b25714') in 0.002628 seconds 
========================================================================
Received Import Request.
  Time since last request: 0.000044 seconds.
  path: Assets/Sprites/mystic_woods_free_2.1/sprites/tilesets/sliced_object/plains_48.asset
  artifactKey: Guid(b698a7ef72c964ba3afc73a23a5d822f) Importer(815301076,1909f56bfc062723c751e8b465ee728b)
Start importing Assets/Sprites/mystic_woods_free_2.1/sprites/tilesets/sliced_object/plains_48.asset using Guid(b698a7ef72c964ba3afc73a23a5d822f) Importer(815301076,1909f56bfc062723c751e8b465ee728b)  -> (artifact id: 'f3e589d016c33da62ce8986609914fce') in 0.002387 seconds 
Editor requested this worker to shutdown with reason: Scaling down because of idle timeout
AssetImportWorker is now disconnected from the server
Process exiting
